{"numFailedTestSuites":20,"numFailedTests":63,"numPassedTestSuites":44,"numPassedTests":640,"numPendingTestSuites":0,"numPendingTests":0,"numRuntimeErrorTestSuites":0,"numTodoTests":0,"numTotalTestSuites":64,"numTotalTests":703,"openHandles":[],"snapshot":{"added":0,"didUpdate":false,"failure":false,"filesAdded":0,"filesRemoved":0,"filesRemovedList":[],"filesUnmatched":0,"filesUpdated":0,"matched":0,"total":0,"unchecked":0,"uncheckedKeysByFile":[],"unmatched":0,"updated":0},"startTime":1777284301546,"success":false,"testResults":[{"assertionResults":[{"ancestorTitles":["Admin Dashboard - Create Buttons","Add Infant Modal"],"failureMessages":[],"fullName":"Admin Dashboard - Create Buttons Add Infant Modal Add Infant button opens modal","location":null,"status":"passed","title":"Add Infant button opens modal"},{"ancestorTitles":["Admin Dashboard - Create Buttons","Add Infant Modal"],"failureMessages":[],"fullName":"Admin Dashboard - Create Buttons Add Infant Modal Submit button creates infant","location":null,"status":"passed","title":"Submit button creates infant"},{"ancestorTitles":["Admin Dashboard - Create Buttons","Add Infant Modal"],"failureMessages":[],"fullName":"Admin Dashboard - Create Buttons Add Infant Modal Cancel button closes modal without action","location":null,"status":"passed","title":"Cancel button closes modal without action"},{"ancestorTitles":["Admin Dashboard - Create Buttons","Add Infant Modal"],"failureMessages":[],"fullName":"Admin Dashboard - Create Buttons Add Infant Modal Form validation prevents empty submission","location":null,"status":"passed","title":"Form validation prevents empty submission"},{"ancestorTitles":["Admin Dashboard - Create Buttons","Create Appointment Button"],"failureMessages":[],"fullName":"Admin Dashboard - Create Buttons Create Appointment Button Schedule appointment button is accessible","location":null,"status":"passed","title":"Schedule appointment button is accessible"},{"ancestorTitles":["Admin Dashboard - Create Buttons","Create Appointment Button"],"failureMessages":[],"fullName":"Admin Dashboard - Create Buttons Create Appointment Button Appointment form validates required fields","location":null,"status":"passed","title":"Appointment form validates required fields"},{"ancestorTitles":["Admin Dashboard - Create Buttons","Create Appointment Button"],"failureMessages":[],"fullName":"Admin Dashboard - Create Buttons Create Appointment Button Successful appointment submission","location":null,"status":"passed","title":"Successful appointment submission"},{"ancestorTitles":["Admin Dashboard - Create Buttons","Create Announcement Button"],"failureMessages":[],"fullName":"Admin Dashboard - Create Buttons Create Announcement Button Create announcement button exists","location":null,"status":"passed","title":"Create announcement button exists"},{"ancestorTitles":["Admin Dashboard - Create Buttons","Create Announcement Button"],"failureMessages":[],"fullName":"Admin Dashboard - Create Buttons Create Announcement Button Priority selection affects announcement","location":null,"status":"passed","title":"Priority selection affects announcement"},{"ancestorTitles":["Admin Dashboard - Edit Buttons","Edit Infant Button"],"failureMessages":[],"fullName":"Admin Dashboard - Edit Buttons Edit Infant Button Edit button is accessible and clickable","location":null,"status":"passed","title":"Edit button is accessible and clickable"},{"ancestorTitles":["Admin Dashboard - Edit Buttons","Edit Infant Button"],"failureMessages":[],"fullName":"Admin Dashboard - Edit Buttons Edit Infant Button Edit button contains correct icon","location":null,"status":"passed","title":"Edit button contains correct icon"},{"ancestorTitles":["Admin Dashboard - Edit Buttons","Edit Infant Button"],"failureMessages":[],"fullName":"Admin Dashboard - Edit Buttons Edit Infant Button Edit button passes correct item ID","location":null,"status":"passed","title":"Edit button passes correct item ID"},{"ancestorTitles":["Admin Dashboard - Edit Buttons","Edit Infant Button"],"failureMessages":[],"fullName":"Admin Dashboard - Edit Buttons Edit Infant Button Edit form pre-populates data","location":null,"status":"passed","title":"Edit form pre-populates data"},{"ancestorTitles":["Admin Dashboard - Edit Buttons","Edit Infant Button"],"failureMessages":[],"fullName":"Admin Dashboard - Edit Buttons Edit Infant Button Save changes button submits updates","location":null,"status":"passed","title":"Save changes button submits updates"},{"ancestorTitles":["Admin Dashboard - Edit Buttons","Edit Appointment Button"],"failureMessages":[],"fullName":"Admin Dashboard - Edit Buttons Edit Appointment Button Reschedule button exists","location":null,"status":"passed","title":"Reschedule button exists"},{"ancestorTitles":["Admin Dashboard - Edit Buttons","Edit Appointment Button"],"failureMessages":[],"fullName":"Admin Dashboard - Edit Buttons Edit Appointment Button Mark as attended button works","location":null,"status":"passed","title":"Mark as attended button works"},{"ancestorTitles":["Admin Dashboard - Edit Buttons","Edit Appointment Button"],"failureMessages":[],"fullName":"Admin Dashboard - Edit Buttons Edit Appointment Button Update status to cancelled","location":null,"status":"passed","title":"Update status to cancelled"},{"ancestorTitles":["Admin Dashboard - Edit Buttons","Edit User Button"],"failureMessages":[],"fullName":"Admin Dashboard - Edit Buttons Edit User Button Activate/Deactivate user button","location":null,"status":"passed","title":"Activate/Deactivate user button"},{"ancestorTitles":["Admin Dashboard - Edit Buttons","Edit User Button"],"failureMessages":[],"fullName":"Admin Dashboard - Edit Buttons Edit User Button Change role button","location":null,"status":"passed","title":"Change role button"},{"ancestorTitles":["Admin Dashboard - Delete Buttons","Delete Confirmation"],"failureMessages":[],"fullName":"Admin Dashboard - Delete Buttons Delete Confirmation Delete button shows confirmation dialog","location":null,"status":"passed","title":"Delete button shows confirmation dialog"},{"ancestorTitles":["Admin Dashboard - Delete Buttons","Delete Confirmation"],"failureMessages":[],"fullName":"Admin Dashboard - Delete Buttons Delete Confirmation Confirm delete button in dialog","location":null,"status":"passed","title":"Confirm delete button in dialog"},{"ancestorTitles":["Admin Dashboard - Delete Buttons","Delete Confirmation"],"failureMessages":[],"fullName":"Admin Dashboard - Delete Buttons Delete Confirmation Cancel delete button closes dialog","location":null,"status":"passed","title":"Cancel delete button closes dialog"},{"ancestorTitles":["Admin Dashboard - Delete Buttons","Delete Confirmation"],"failureMessages":[],"fullName":"Admin Dashboard - Delete Buttons Delete Confirmation Delete button is disabled during processing","location":null,"status":"passed","title":"Delete button is disabled during processing"},{"ancestorTitles":["Admin Dashboard - Delete Buttons","Delete Infant"],"failureMessages":[],"fullName":"Admin Dashboard - Delete Buttons Delete Infant Delete infant button is accessible","location":null,"status":"passed","title":"Delete infant button is accessible"},{"ancestorTitles":["Admin Dashboard - Delete Buttons","Delete Infant"],"failureMessages":[],"fullName":"Admin Dashboard - Delete Buttons Delete Infant Soft delete (deactivate) instead of hard delete","location":null,"status":"passed","title":"Soft delete (deactivate) instead of hard delete"},{"ancestorTitles":["Admin Dashboard - Delete Buttons","Delete Appointment"],"failureMessages":[],"fullName":"Admin Dashboard - Delete Buttons Delete Appointment Cancel appointment instead of delete","location":null,"status":"passed","title":"Cancel appointment instead of delete"},{"ancestorTitles":["Admin Dashboard - View Buttons","View Details"],"failureMessages":[],"fullName":"Admin Dashboard - View Buttons View Details View button opens details modal","location":null,"status":"passed","title":"View button opens details modal"},{"ancestorTitles":["Admin Dashboard - View Buttons","View Details"],"failureMessages":[],"fullName":"Admin Dashboard - View Buttons View Details Close modal button works","location":null,"status":"passed","title":"Close modal button works"},{"ancestorTitles":["Admin Dashboard - View Buttons","View Details"],"failureMessages":[],"fullName":"Admin Dashboard - View Buttons View Details View infant details shows all information","location":null,"status":"passed","title":"View infant details shows all information"},{"ancestorTitles":["Admin Dashboard - View Buttons","View Vaccination Records"],"failureMessages":[],"fullName":"Admin Dashboard - View Buttons View Vaccination Records View records button exists","location":null,"status":"passed","title":"View records button exists"},{"ancestorTitles":["Admin Dashboard - View Buttons","View Vaccination Records"],"failureMessages":[],"fullName":"Admin Dashboard - View Buttons View Vaccination Records View shows vaccination history","location":null,"status":"passed","title":"View shows vaccination history"},{"ancestorTitles":["Admin Dashboard - Navigation Buttons"],"failureMessages":[],"fullName":"Admin Dashboard - Navigation Buttons Navigate to Dashboard","location":null,"status":"passed","title":"Navigate to Dashboard"},{"ancestorTitles":["Admin Dashboard - Navigation Buttons"],"failureMessages":[],"fullName":"Admin Dashboard - Navigation Buttons Navigate to Users","location":null,"status":"passed","title":"Navigate to Users"},{"ancestorTitles":["Admin Dashboard - Navigation Buttons"],"failureMessages":[],"fullName":"Admin Dashboard - Navigation Buttons Navigate to Infants","location":null,"status":"passed","title":"Navigate to Infants"},{"ancestorTitles":["Admin Dashboard - Navigation Buttons"],"failureMessages":[],"fullName":"Admin Dashboard - Navigation Buttons Navigate to Appointments","location":null,"status":"passed","title":"Navigate to Appointments"},{"ancestorTitles":["Admin Dashboard - Navigation Buttons"],"failureMessages":[],"fullName":"Admin Dashboard - Navigation Buttons Navigate to Inventory","location":null,"status":"passed","title":"Navigate to Inventory"},{"ancestorTitles":["Admin Dashboard - Navigation Buttons"],"failureMessages":[],"fullName":"Admin Dashboard - Navigation Buttons Navigate to Reports","location":null,"status":"passed","title":"Navigate to Reports"},{"ancestorTitles":["Admin Dashboard - Navigation Buttons"],"failureMessages":[],"fullName":"Admin Dashboard - Navigation Buttons Navigate to Settings","location":null,"status":"passed","title":"Navigate to Settings"},{"ancestorTitles":["Admin Dashboard - Navigation Buttons"],"failureMessages":[],"fullName":"Admin Dashboard - Navigation Buttons Navigate to Profile","location":null,"status":"passed","title":"Navigate to Profile"},{"ancestorTitles":["Admin Dashboard - Navigation Buttons"],"failureMessages":[],"fullName":"Admin Dashboard - Navigation Buttons Logout button works","location":null,"status":"passed","title":"Logout button works"},{"ancestorTitles":["Admin Dashboard - Permission-Based Buttons"],"failureMessages":[],"fullName":"Admin Dashboard - Permission-Based Buttons Super Admin sees all buttons","location":null,"status":"passed","title":"Super Admin sees all buttons"},{"ancestorTitles":["Admin Dashboard - Permission-Based Buttons"],"failureMessages":[],"fullName":"Admin Dashboard - Permission-Based Buttons Nurse has limited permissions","location":null,"status":"passed","title":"Nurse has limited permissions"},{"ancestorTitles":["Admin Dashboard - Permission-Based Buttons"],"failureMessages":[],"fullName":"Admin Dashboard - Permission-Based Buttons Doctor has moderate permissions","location":null,"status":"passed","title":"Doctor has moderate permissions"},{"ancestorTitles":["Admin Dashboard - Permission-Based Buttons"],"failureMessages":[],"fullName":"Admin Dashboard - Permission-Based Buttons Buttons hidden based on role","location":null,"status":"passed","title":"Buttons hidden based on role"},{"ancestorTitles":["Admin Dashboard - Button States"],"failureMessages":[],"fullName":"Admin Dashboard - Button States Loading state during API call","location":null,"status":"passed","title":"Loading state during API call"},{"ancestorTitles":["Admin Dashboard - Button States"],"failureMessages":[],"fullName":"Admin Dashboard - Button States Error state shows retry button","location":null,"status":"passed","title":"Error state shows retry button"},{"ancestorTitles":["Admin Dashboard - Button States"],"failureMessages":[],"fullName":"Admin Dashboard - Button States Success state after operation","location":null,"status":"passed","title":"Success state after operation"},{"ancestorTitles":["Admin Dashboard - Button Edge Cases"],"failureMessages":[],"fullName":"Admin Dashboard - Button Edge Cases Rapid click handling","location":null,"status":"passed","title":"Rapid click handling"},{"ancestorTitles":["Admin Dashboard - Button Edge Cases"],"failureMessages":[],"fullName":"Admin Dashboard - Button Edge Cases Disabled button ignores clicks","location":null,"status":"passed","title":"Disabled button ignores clicks"},{"ancestorTitles":["Admin Dashboard - Button Edge Cases"],"failureMessages":[],"fullName":"Admin Dashboard - Button Edge Cases Button in modal traps focus","location":null,"status":"passed","title":"Button in modal traps focus"},{"ancestorTitles":["Admin Dashboard - Button Edge Cases"],"failureMessages":[],"fullName":"Admin Dashboard - Button Edge Cases Form submission prevention","location":null,"status":"passed","title":"Form submission prevention"},{"ancestorTitles":["Admin Dashboard - Button Edge Cases"],"failureMessages":[],"fullName":"Admin Dashboard - Button Edge Cases Multiple operations in sequence","location":null,"status":"passed","title":"Multiple operations in sequence"}],"endTime":1777284305217,"message":"","name":"C:\\Users\\rrjra\\OneDrive\\Desktop\\Immunicare\\frontend\\src\\__tests__\\admin-dashboard-buttons.test.jsx","startTime":1777284302654,"status":"passed","summary":""},{"assertionResults":[{"ancestorTitles":["Guardian Dashboard - Quick Action Buttons","Book Appointment Button"],"failureMessages":[],"fullName":"Guardian Dashboard - Quick Action Buttons Book Appointment Button Book Appointment button exists","location":null,"status":"passed","title":"Book Appointment button exists"},{"ancestorTitles":["Guardian Dashboard - Quick Action Buttons","Book Appointment Button"],"failureMessages":[],"fullName":"Guardian Dashboard - Quick Action Buttons Book Appointment Button Book Appointment button is clickable","location":null,"status":"passed","title":"Book Appointment button is clickable"},{"ancestorTitles":["Guardian Dashboard - Quick Action Buttons","Book Appointment Button"],"failureMessages":[],"fullName":"Guardian Dashboard - Quick Action Buttons Book Appointment Button Book Appointment navigates to booking page","location":null,"status":"passed","title":"Book Appointment navigates to booking page"},{"ancestorTitles":["Guardian Dashboard - Quick Action Buttons","Book Appointment Button"],"failureMessages":[],"fullName":"Guardian Dashboard - Quick Action Buttons Book Appointment Button Book Appointment button is disabled when no children","location":null,"status":"passed","title":"Book Appointment button is disabled when no children"},{"ancestorTitles":["Guardian Dashboard - Quick Action Buttons","View Records Button"],"failureMessages":[],"fullName":"Guardian Dashboard - Quick Action Buttons View Records Button View Records button exists","location":null,"status":"passed","title":"View Records button exists"},{"ancestorTitles":["Guardian Dashboard - Quick Action Buttons","View Records Button"],"failureMessages":[],"fullName":"Guardian Dashboard - Quick Action Buttons View Records Button View Records button is accessible","location":null,"status":"passed","title":"View Records button is accessible"},{"ancestorTitles":["Guardian Dashboard - Quick Action Buttons","View Records Button"],"failureMessages":[],"fullName":"Guardian Dashboard - Quick Action Buttons View Records Button View Records navigates to vaccination records","location":null,"status":"passed","title":"View Records navigates to vaccination records"},{"ancestorTitles":["Guardian Dashboard - Quick Action Buttons","Health Charts Button"],"failureMessages":[],"fullName":"Guardian Dashboard - Quick Action Buttons Health Charts Button Health Charts button exists","location":null,"status":"passed","title":"Health Charts button exists"},{"ancestorTitles":["Guardian Dashboard - Quick Action Buttons","Health Charts Button"],"failureMessages":[],"fullName":"Guardian Dashboard - Quick Action Buttons Health Charts Button Health Charts button navigates to growth charts page","location":null,"status":"passed","title":"Health Charts button navigates to growth charts page"},{"ancestorTitles":["Guardian Dashboard - Quick Action Buttons","Downloads Button"],"failureMessages":[],"fullName":"Guardian Dashboard - Quick Action Buttons Downloads Button Downloads button exists","location":null,"status":"passed","title":"Downloads button exists"},{"ancestorTitles":["Guardian Dashboard - Quick Action Buttons","Downloads Button"],"failureMessages":[],"fullName":"Guardian Dashboard - Quick Action Buttons Downloads Button Downloads button is for immunization chart","location":null,"status":"passed","title":"Downloads button is for immunization chart"},{"ancestorTitles":["Guardian Dashboard - Child Card Buttons","Child Records Button"],"failureMessages":[],"fullName":"Guardian Dashboard - Child Card Buttons Child Records Button Records button exists for child","location":null,"status":"passed","title":"Records button exists for child"},{"ancestorTitles":["Guardian Dashboard - Child Card Buttons","Child Records Button"],"failureMessages":[],"fullName":"Guardian Dashboard - Child Card Buttons Child Records Button Records button shows vaccination history","location":null,"status":"passed","title":"Records button shows vaccination history"},{"ancestorTitles":["Guardian Dashboard - Child Card Buttons","Child Records Button"],"failureMessages":[],"fullName":"Guardian Dashboard - Child Card Buttons Child Records Button Records button navigates to specific child records","location":null,"status":"passed","title":"Records button navigates to specific child records"},{"ancestorTitles":["Guardian Dashboard - Child Card Buttons","Child Schedule Button"],"failureMessages":[],"fullName":"Guardian Dashboard - Child Card Buttons Child Schedule Button Schedule button exists for child","location":null,"status":"passed","title":"Schedule button exists for child"},{"ancestorTitles":["Guardian Dashboard - Child Card Buttons","Child Schedule Button"],"failureMessages":[],"fullName":"Guardian Dashboard - Child Card Buttons Child Schedule Button Schedule button books new appointment","location":null,"status":"passed","title":"Schedule button books new appointment"},{"ancestorTitles":["Guardian Dashboard - Child Card Buttons","Child Schedule Button"],"failureMessages":[],"fullName":"Guardian Dashboard - Child Card Buttons Child Schedule Button Schedule button navigates to appointment booking","location":null,"status":"passed","title":"Schedule button navigates to appointment booking"},{"ancestorTitles":["Guardian Dashboard - Child Card Buttons","View All Children Button"],"failureMessages":[],"fullName":"Guardian Dashboard - Child Card Buttons View All Children Button View All button for children list","location":null,"status":"passed","title":"View All button for children list"},{"ancestorTitles":["Guardian Dashboard - Child Card Buttons","View All Children Button"],"failureMessages":[],"fullName":"Guardian Dashboard - Child Card Buttons View All Children Button View All navigates to My Children page","location":null,"status":"passed","title":"View All navigates to My Children page"},{"ancestorTitles":["Guardian Dashboard - Appointment Buttons","Schedule New Appointment"],"failureMessages":[],"fullName":"Guardian Dashboard - Appointment Buttons Schedule New Appointment Schedule New Appointment button exists","location":null,"status":"passed","title":"Schedule New Appointment button exists"},{"ancestorTitles":["Guardian Dashboard - Appointment Buttons","Schedule New Appointment"],"failureMessages":[],"fullName":"Guardian Dashboard - Appointment Buttons Schedule New Appointment Opens appointment booking modal","location":null,"status":"passed","title":"Opens appointment booking modal"},{"ancestorTitles":["Guardian Dashboard - Appointment Buttons","Schedule New Appointment"],"failureMessages":[],"fullName":"Guardian Dashboard - Appointment Buttons Schedule New Appointment Appointment form has select child dropdown","location":null,"status":"passed","title":"Appointment form has select child dropdown"},{"ancestorTitles":["Guardian Dashboard - Appointment Buttons","Schedule New Appointment"],"failureMessages":[],"fullName":"Guardian Dashboard - Appointment Buttons Schedule New Appointment Appointment form has date selection","location":null,"status":"passed","title":"Appointment form has date selection"},{"ancestorTitles":["Guardian Dashboard - Appointment Buttons","Schedule New Appointment"],"failureMessages":[],"fullName":"Guardian Dashboard - Appointment Buttons Schedule New Appointment Appointment form validates required fields","location":null,"status":"passed","title":"Appointment form validates required fields"},{"ancestorTitles":["Guardian Dashboard - Appointment Buttons","Schedule New Appointment"],"failureMessages":[],"fullName":"Guardian Dashboard - Appointment Buttons Schedule New Appointment Successful appointment booking","location":null,"status":"passed","title":"Successful appointment booking"},{"ancestorTitles":["Guardian Dashboard - Appointment Buttons","Cancel Appointment"],"failureMessages":[],"fullName":"Guardian Dashboard - Appointment Buttons Cancel Appointment Cancel button exists for scheduled appointments","location":null,"status":"passed","title":"Cancel button exists for scheduled appointments"},{"ancestorTitles":["Guardian Dashboard - Appointment Buttons","Cancel Appointment"],"failureMessages":[],"fullName":"Guardian Dashboard - Appointment Buttons Cancel Appointment Cancel shows confirmation dialog","location":null,"status":"passed","title":"Cancel shows confirmation dialog"},{"ancestorTitles":["Guardian Dashboard - Appointment Buttons","Cancel Appointment"],"failureMessages":[],"fullName":"Guardian Dashboard - Appointment Buttons Cancel Appointment Cancel appointment calls API","location":null,"status":"passed","title":"Cancel appointment calls API"},{"ancestorTitles":["Guardian Dashboard - Appointment Buttons","Reschedule Appointment"],"failureMessages":[],"fullName":"Guardian Dashboard - Appointment Buttons Reschedule Appointment Reschedule button exists","location":null,"status":"passed","title":"Reschedule button exists"},{"ancestorTitles":["Guardian Dashboard - Appointment Buttons","Reschedule Appointment"],"failureMessages":[],"fullName":"Guardian Dashboard - Appointment Buttons Reschedule Appointment Reschedule opens edit form","location":null,"status":"passed","title":"Reschedule opens edit form"},{"ancestorTitles":["Guardian Dashboard - Appointment Buttons","View Appointment Details"],"failureMessages":[],"fullName":"Guardian Dashboard - Appointment Buttons View Appointment Details View Details button exists","location":null,"status":"passed","title":"View Details button exists"},{"ancestorTitles":["Guardian Dashboard - Appointment Buttons","View Appointment Details"],"failureMessages":[],"fullName":"Guardian Dashboard - Appointment Buttons View Appointment Details Appointment details show all information","location":null,"status":"passed","title":"Appointment details show all information"},{"ancestorTitles":["Guardian Dashboard - Navigation Buttons"],"failureMessages":[],"fullName":"Guardian Dashboard - Navigation Buttons Dashboard navigation","location":null,"status":"passed","title":"Dashboard navigation"},{"ancestorTitles":["Guardian Dashboard - Navigation Buttons"],"failureMessages":[],"fullName":"Guardian Dashboard - Navigation Buttons My Children navigation","location":null,"status":"passed","title":"My Children navigation"},{"ancestorTitles":["Guardian Dashboard - Navigation Buttons"],"failureMessages":[],"fullName":"Guardian Dashboard - Navigation Buttons Appointments navigation","location":null,"status":"passed","title":"Appointments navigation"},{"ancestorTitles":["Guardian Dashboard - Navigation Buttons"],"failureMessages":[],"fullName":"Guardian Dashboard - Navigation Buttons Vaccinations navigation","location":null,"status":"passed","title":"Vaccinations navigation"},{"ancestorTitles":["Guardian Dashboard - Navigation Buttons"],"failureMessages":[],"fullName":"Guardian Dashboard - Navigation Buttons Notifications navigation","location":null,"status":"passed","title":"Notifications navigation"},{"ancestorTitles":["Guardian Dashboard - Navigation Buttons"],"failureMessages":[],"fullName":"Guardian Dashboard - Navigation Buttons Profile navigation","location":null,"status":"passed","title":"Profile navigation"},{"ancestorTitles":["Guardian Dashboard - Navigation Buttons"],"failureMessages":[],"fullName":"Guardian Dashboard - Navigation Buttons Settings navigation","location":null,"status":"passed","title":"Settings navigation"},{"ancestorTitles":["Guardian Dashboard - Navigation Buttons"],"failureMessages":[],"fullName":"Guardian Dashboard - Navigation Buttons Logout button works","location":null,"status":"passed","title":"Logout button works"},{"ancestorTitles":["Guardian Dashboard - Mobile Bottom Navigation"],"failureMessages":[],"fullName":"Guardian Dashboard - Mobile Bottom Navigation Mobile Dashboard button","location":null,"status":"passed","title":"Mobile Dashboard button"},{"ancestorTitles":["Guardian Dashboard - Mobile Bottom Navigation"],"failureMessages":[],"fullName":"Guardian Dashboard - Mobile Bottom Navigation Mobile Appointments button","location":null,"status":"passed","title":"Mobile Appointments button"},{"ancestorTitles":["Guardian Dashboard - Mobile Bottom Navigation"],"failureMessages":[],"fullName":"Guardian Dashboard - Mobile Bottom Navigation Mobile Records button","location":null,"status":"passed","title":"Mobile Records button"},{"ancestorTitles":["Guardian Dashboard - Mobile Bottom Navigation"],"failureMessages":[],"fullName":"Guardian Dashboard - Mobile Bottom Navigation Mobile Schedule button","location":null,"status":"passed","title":"Mobile Schedule button"},{"ancestorTitles":["Guardian Dashboard - Mobile Bottom Navigation"],"failureMessages":[],"fullName":"Guardian Dashboard - Mobile Bottom Navigation Mobile Profile button","location":null,"status":"passed","title":"Mobile Profile button"},{"ancestorTitles":["Guardian Dashboard - Mobile Bottom Navigation"],"failureMessages":[],"fullName":"Guardian Dashboard - Mobile Bottom Navigation Mobile navigation has proper touch targets","location":null,"status":"passed","title":"Mobile navigation has proper touch targets"},{"ancestorTitles":["Guardian Dashboard - Profile Buttons"],"failureMessages":[],"fullName":"Guardian Dashboard - Profile Buttons Edit Profile button","location":null,"status":"passed","title":"Edit Profile button"},{"ancestorTitles":["Guardian Dashboard - Profile Buttons"],"failureMessages":[],"fullName":"Guardian Dashboard - Profile Buttons Change Password button","location":null,"status":"passed","title":"Change Password button"},{"ancestorTitles":["Guardian Dashboard - Profile Buttons"],"failureMessages":[],"fullName":"Guardian Dashboard - Profile Buttons Save Profile button","location":null,"status":"passed","title":"Save Profile button"},{"ancestorTitles":["Guardian Dashboard - Profile Buttons"],"failureMessages":[],"fullName":"Guardian Dashboard - Profile Buttons Cancel edit button","location":null,"status":"passed","title":"Cancel edit button"},{"ancestorTitles":["Guardian Dashboard - Profile Buttons"],"failureMessages":[],"fullName":"Guardian Dashboard - Profile Buttons Update notification preferences","location":null,"status":"passed","title":"Update notification preferences"},{"ancestorTitles":["Guardian Dashboard - Notification Buttons"],"failureMessages":[],"fullName":"Guardian Dashboard - Notification Buttons Notification bell exists","location":null,"status":"passed","title":"Notification bell exists"},{"ancestorTitles":["Guardian Dashboard - Notification Buttons"],"failureMessages":[],"fullName":"Guardian Dashboard - Notification Buttons Mark all as read button","location":null,"status":"passed","title":"Mark all as read button"},{"ancestorTitles":["Guardian Dashboard - Notification Buttons"],"failureMessages":[],"fullName":"Guardian Dashboard - Notification Buttons Individual notification can be dismissed","location":null,"status":"passed","title":"Individual notification can be dismissed"},{"ancestorTitles":["Guardian Dashboard - Vaccination Record Buttons"],"failureMessages":[],"fullName":"Guardian Dashboard - Vaccination Record Buttons Download Certificate button","location":null,"status":"passed","title":"Download Certificate button"},{"ancestorTitles":["Guardian Dashboard - Vaccination Record Buttons"],"failureMessages":[],"fullName":"Guardian Dashboard - Vaccination Record Buttons View Immunization Chart button","location":null,"status":"passed","title":"View Immunization Chart button"},{"ancestorTitles":["Guardian Dashboard - Vaccination Record Buttons"],"failureMessages":[],"fullName":"Guardian Dashboard - Vaccination Record Buttons Download Immunization Chart button","location":null,"status":"passed","title":"Download Immunization Chart button"},{"ancestorTitles":["Guardian Dashboard - Vaccination Record Buttons"],"failureMessages":[],"fullName":"Guardian Dashboard - Vaccination Record Buttons View upcoming vaccinations","location":null,"status":"passed","title":"View upcoming vaccinations"},{"ancestorTitles":["Guardian Dashboard - Button Edge Cases"],"failureMessages":[],"fullName":"Guardian Dashboard - Button Edge Cases Button disabled when no internet","location":null,"status":"passed","title":"Button disabled when no internet"},{"ancestorTitles":["Guardian Dashboard - Button Edge Cases"],"failureMessages":[],"fullName":"Guardian Dashboard - Button Edge Cases Retry button on error","location":null,"status":"passed","title":"Retry button on error"},{"ancestorTitles":["Guardian Dashboard - Button Edge Cases"],"failureMessages":[],"fullName":"Guardian Dashboard - Button Edge Cases Loading state during booking","location":null,"status":"passed","title":"Loading state during booking"},{"ancestorTitles":["Guardian Dashboard - Button Edge Cases"],"failureMessages":[],"fullName":"Guardian Dashboard - Button Edge Cases Button hidden when feature unavailable","location":null,"status":"passed","title":"Button hidden when feature unavailable"},{"ancestorTitles":["Guardian Dashboard - Button Edge Cases"],"failureMessages":[],"fullName":"Guardian Dashboard - Button Edge Cases Multiple rapid clicks on booking button","location":null,"status":"passed","title":"Multiple rapid clicks on booking button"},{"ancestorTitles":["Guardian Dashboard - Responsive Button Behavior"],"failureMessages":[],"fullName":"Guardian Dashboard - Responsive Button Behavior Mobile (375x667): Quick Actions visible","location":null,"status":"passed","title":"Mobile (375x667): Quick Actions visible"},{"ancestorTitles":["Guardian Dashboard - Responsive Button Behavior"],"failureMessages":[],"fullName":"Guardian Dashboard - Responsive Button Behavior Tablet (768x1024): Quick Actions visible","location":null,"status":"passed","title":"Tablet (768x1024): Quick Actions visible"},{"ancestorTitles":["Guardian Dashboard - Responsive Button Behavior"],"failureMessages":[],"fullName":"Guardian Dashboard - Responsive Button Behavior Desktop (1280x800): Quick Actions visible","location":null,"status":"passed","title":"Desktop (1280x800): Quick Actions visible"},{"ancestorTitles":["Guardian Dashboard - Responsive Button Behavior"],"failureMessages":[],"fullName":"Guardian Dashboard - Responsive Button Behavior Sidebar navigation on desktop","location":null,"status":"passed","title":"Sidebar navigation on desktop"},{"ancestorTitles":["Guardian Dashboard - Responsive Button Behavior"],"failureMessages":[],"fullName":"Guardian Dashboard - Responsive Button Behavior Bottom navigation on mobile","location":null,"status":"passed","title":"Bottom navigation on mobile"}],"endTime":1777284306446,"message":"","name":"C:\\Users\\rrjra\\OneDrive\\Desktop\\Immunicare\\frontend\\src\\__tests__\\guardian-dashboard-buttons.test.jsx","startTime":1777284305314,"status":"passed","summary":""},{"assertionResults":[{"ancestorTitles":["Guardian appointments weekend blocking and action order"],"failureMessages":[],"fullName":"Guardian appointments weekend blocking and action order configures calendar with Sunday as first day of week","location":null,"status":"passed","title":"configures calendar with Sunday as first day of week"},{"ancestorTitles":["Guardian appointments weekend blocking and action order"],"failureMessages":[],"fullName":"Guardian appointments weekend blocking and action order blocks weekend date click and does not open booking modal","location":null,"status":"passed","title":"blocks weekend date click and does not open booking modal"},{"ancestorTitles":["Guardian appointments weekend blocking and action order"],"failureMessages":[],"fullName":"Guardian appointments weekend blocking and action order weekday click routes to the full booking page with selected date prefilled","location":null,"status":"passed","title":"weekday click routes to the full booking page with selected date prefilled"},{"ancestorTitles":["Guardian appointments weekend blocking and action order"],"failureMessages":[],"fullName":"Guardian appointments weekend blocking and action order guardian appointments page hides vaccine stock details from guardians","location":null,"status":"passed","title":"guardian appointments page hides vaccine stock details from guardians"},{"ancestorTitles":["Guardian appointments weekend blocking and action order"],"failureMessages":[],"fullName":"Guardian appointments weekend blocking and action order day view header renderer includes weekday, month, numeric day, and year","location":null,"status":"passed","title":"day view header renderer includes weekday, month, numeric day, and year"},{"ancestorTitles":["Guardian appointments weekend blocking and action order"],"failureMessages":[],"fullName":"Guardian appointments weekend blocking and action order switching to Day view auto-jumps to selected date from month click","location":null,"status":"passed","title":"switching to Day view auto-jumps to selected date from month click"},{"ancestorTitles":["Guardian appointments weekend blocking and action order"],"failureMessages":[],"fullName":"Guardian appointments weekend blocking and action order booking page keeps guardian action order with primary submit first","location":null,"status":"passed","title":"booking page keeps guardian action order with primary submit first"},{"ancestorTitles":["Guardian appointments weekend blocking and action order"],"failureMessages":[],"fullName":"Guardian appointments weekend blocking and action order booking page preserves calendar-selected date and auto-loads slots for prefilled child context","location":null,"status":"passed","title":"booking page preserves calendar-selected date and auto-loads slots for prefilled child context"},{"ancestorTitles":["Guardian appointments weekend blocking and action order"],"failureMessages":[],"fullName":"Guardian appointments weekend blocking and action order booking page submits a vaccine-aware appointment from smart suggestions","location":null,"status":"passed","title":"booking page submits a vaccine-aware appointment from smart suggestions"},{"ancestorTitles":["Guardian appointments weekend blocking and action order"],"failureMessages":[],"fullName":"Guardian appointments weekend blocking and action order booking page deduplicates repeated pending confirmation reasons","location":null,"status":"passed","title":"booking page deduplicates repeated pending confirmation reasons"},{"ancestorTitles":["Guardian appointments weekend blocking and action order"],"failureMessages":[],"fullName":"Guardian appointments weekend blocking and action order booking page reads guardian child sex from the canonical gender field when sex is missing","location":null,"status":"passed","title":"booking page reads guardian child sex from the canonical gender field when sex is missing"},{"ancestorTitles":["Guardian appointments weekend blocking and action order"],"failureMessages":[],"fullName":"Guardian appointments weekend blocking and action order booking page loads time slots when a future selected date makes the next dose eligible","location":null,"status":"passed","title":"booking page loads time slots when a future selected date makes the next dose eligible"},{"ancestorTitles":["Guardian appointments weekend blocking and action order"],"failureMessages":[],"fullName":"Guardian appointments weekend blocking and action order booking page shows slot availability feedback instead of silently failing","location":null,"status":"passed","title":"booking page shows slot availability feedback instead of silently failing"}],"endTime":1777284310610,"message":"","name":"C:\\Users\\rrjra\\OneDrive\\Desktop\\Immunicare\\frontend\\src\\__tests__\\guardian-appointments-weekend-and-actions.test.jsx","startTime":1777284306495,"status":"passed","summary":""},{"assertionResults":[{"ancestorTitles":["Analytics dashboard rendering and filter stability"],"failureMessages":[],"fullName":"Analytics dashboard rendering and filter stability renders trend modules with zero-filled points and labels","location":null,"status":"passed","title":"renders trend modules with zero-filled points and labels"},{"ancestorTitles":["Analytics dashboard rendering and filter stability"],"failureMessages":[],"fullName":"Analytics dashboard rendering and filter stability does not force system scope into the default admin analytics dashboard request","location":null,"status":"passed","title":"does not force system scope into the default admin analytics dashboard request"},{"ancestorTitles":["Analytics dashboard rendering and filter stability"],"failureMessages":[],"fullName":"Analytics dashboard rendering and filter stability shows explicit zero-data demographics state when backend has no records","location":null,"status":"passed","title":"shows explicit zero-data demographics state when backend has no records"},{"ancestorTitles":["Analytics dashboard rendering and filter stability"],"failureMessages":[],"fullName":"Analytics dashboard rendering and filter stability keeps a full gender card with explicit 0% fallback when demographics request fails","location":null,"status":"passed","title":"keeps a full gender card with explicit 0% fallback when demographics request fails"},{"ancestorTitles":["Analytics dashboard rendering and filter stability"],"failureMessages":[],"fullName":"Analytics dashboard rendering and filter stability report shortcuts generate and download reports via reports API without direct broken endpoint navigation","location":null,"status":"passed","title":"report shortcuts generate and download reports via reports API without direct broken endpoint navigation"},{"ancestorTitles":["Analytics dashboard rendering and filter stability"],"failureMessages":[],"fullName":"Analytics dashboard rendering and filter stability inventory labels and dropdown filters remain interactive without screen blackout","location":null,"status":"passed","title":"inventory labels and dropdown filters remain interactive without screen blackout"},{"ancestorTitles":["Analytics dashboard rendering and filter stability"],"failureMessages":[],"fullName":"Analytics dashboard rendering and filter stability normalizes wrapped and direct analytics payload responses so trend sections still render","location":null,"status":"passed","title":"normalizes wrapped and direct analytics payload responses so trend sections still render"},{"ancestorTitles":["Analytics dashboard rendering and filter stability"],"failureMessages":[],"fullName":"Analytics dashboard rendering and filter stability supports dashboard payloads that return criticalAlerts only and still renders Critical Alerts module","location":null,"status":"passed","title":"supports dashboard payloads that return criticalAlerts only and still renders Critical Alerts module"},{"ancestorTitles":["Analytics dashboard rendering and filter stability"],"failureMessages":[],"fullName":"Analytics dashboard rendering and filter stability prefers alerts payload over criticalAlerts fallback when both are present","location":null,"status":"passed","title":"prefers alerts payload over criticalAlerts fallback when both are present"},{"ancestorTitles":["Analytics dashboard rendering and filter stability"],"failureMessages":[],"fullName":"Analytics dashboard rendering and filter stability renders KPI cards from canonical summary fields for infants, guardians, completed today, and due","location":null,"status":"passed","title":"renders KPI cards from canonical summary fields for infants, guardians, completed today, and due"},{"ancestorTitles":["Analytics dashboard rendering and filter stability"],"failureMessages":[],"fullName":"Analytics dashboard rendering and filter stability shows auto-refresh warning without clearing existing rendered cards when silent refresh fails","location":null,"status":"passed","title":"shows auto-refresh warning without clearing existing rendered cards when silent refresh fails"},{"ancestorTitles":["Analytics dashboard rendering and filter stability"],"failureMessages":[],"fullName":"Analytics dashboard rendering and filter stability prefers live appointment and inventory sections over fallback validated metrics when summary fields are absent","location":null,"status":"passed","title":"prefers live appointment and inventory sections over fallback validated metrics when summary fields are absent"}],"endTime":1777284326823,"message":"","name":"C:\\Users\\rrjra\\OneDrive\\Desktop\\Immunicare\\frontend\\src\\__tests__\\analytics-dashboard-rendering.test.jsx","startTime":1777284310673,"status":"passed","summary":""},{"assertionResults":[{"ancestorTitles":["Guardian Dashboard - Authentication","Login Page"],"failureMessages":[],"fullName":"Guardian Dashboard - Authentication Login Page should render login form with email and password fields","location":null,"status":"passed","title":"should render login form with email and password fields"},{"ancestorTitles":["Guardian Dashboard - Authentication","Login Page"],"failureMessages":[],"fullName":"Guardian Dashboard - Authentication Login Page should show validation errors for empty fields","location":null,"status":"passed","title":"should show validation errors for empty fields"},{"ancestorTitles":["Guardian Dashboard - Authentication","Login Page"],"failureMessages":[],"fullName":"Guardian Dashboard - Authentication Login Page should show error for invalid credentials","location":null,"status":"passed","title":"should show error for invalid credentials"},{"ancestorTitles":["Guardian Dashboard - Authentication","Login Page"],"failureMessages":[],"fullName":"Guardian Dashboard - Authentication Login Page should login with valid guardian credentials","location":null,"status":"passed","title":"should login with valid guardian credentials"},{"ancestorTitles":["Guardian Dashboard - Authentication","Login Page"],"failureMessages":[],"fullName":"Guardian Dashboard - Authentication Login Page should handle password reset request","location":null,"status":"passed","title":"should handle password reset request"},{"ancestorTitles":["Guardian Dashboard - Authentication","Password Reset Flow"],"failureMessages":[],"fullName":"Guardian Dashboard - Authentication Password Reset Flow should request password reset with valid email","location":null,"status":"passed","title":"should request password reset with valid email"},{"ancestorTitles":["Guardian Dashboard - Authentication","Password Reset Flow"],"failureMessages":[],"fullName":"Guardian Dashboard - Authentication Password Reset Flow should show error for non-existent email","location":null,"status":"passed","title":"should show error for non-existent email"},{"ancestorTitles":["Guardian Dashboard - Authentication","Password Reset Flow"],"failureMessages":[],"fullName":"Guardian Dashboard - Authentication Password Reset Flow should reset password with valid token","location":null,"status":"passed","title":"should reset password with valid token"},{"ancestorTitles":["Guardian Dashboard - Authentication","Password Reset Flow"],"failureMessages":[],"fullName":"Guardian Dashboard - Authentication Password Reset Flow should validate password strength requirements","location":null,"status":"passed","title":"should validate password strength requirements"},{"ancestorTitles":["Guardian Dashboard - Authentication","Session Management"],"failureMessages":[],"fullName":"Guardian Dashboard - Authentication Session Management should maintain session across page refreshes","location":null,"status":"passed","title":"should maintain session across page refreshes"},{"ancestorTitles":["Guardian Dashboard - Authentication","Session Management"],"failureMessages":[],"fullName":"Guardian Dashboard - Authentication Session Management should clear session on logout","location":null,"status":"passed","title":"should clear session on logout"},{"ancestorTitles":["Guardian Dashboard - Main Components","Sidebar Navigation"],"failureMessages":[],"fullName":"Guardian Dashboard - Main Components Sidebar Navigation should display guardian navigation menu","location":null,"status":"passed","title":"should display guardian navigation menu"},{"ancestorTitles":["Guardian Dashboard - Main Components","Sidebar Navigation"],"failureMessages":[],"fullName":"Guardian Dashboard - Main Components Sidebar Navigation should highlight current active route","location":null,"status":"passed","title":"should highlight current active route"},{"ancestorTitles":["Guardian Dashboard - Main Components","Sidebar Navigation"],"failureMessages":[],"fullName":"Guardian Dashboard - Main Components Sidebar Navigation should show logout button","location":null,"status":"passed","title":"should show logout button"},{"ancestorTitles":["Guardian Dashboard - Main Components","Dashboard Overview"],"failureMessages":[],"fullName":"Guardian Dashboard - Main Components Dashboard Overview should display summary stats","location":null,"status":"passed","title":"should display summary stats"},{"ancestorTitles":["Guardian Dashboard - Main Components","Dashboard Overview"],"failureMessages":[],"fullName":"Guardian Dashboard - Main Components Dashboard Overview should display children cards","location":null,"status":"passed","title":"should display children cards"},{"ancestorTitles":["Guardian Dashboard - Main Components","Dashboard Overview"],"failureMessages":[],"fullName":"Guardian Dashboard - Main Components Dashboard Overview should display quick action buttons","location":null,"status":"passed","title":"should display quick action buttons"},{"ancestorTitles":["Guardian Dashboard - Main Components","Dashboard Overview"],"failureMessages":[],"fullName":"Guardian Dashboard - Main Components Dashboard Overview should show upcoming appointments widget","location":null,"status":"passed","title":"should show upcoming appointments widget"},{"ancestorTitles":["Guardian Dashboard - Main Components","Dashboard Overview"],"failureMessages":[],"fullName":"Guardian Dashboard - Main Components Dashboard Overview should show recent notifications","location":null,"status":"passed","title":"should show recent notifications"},{"ancestorTitles":["Guardian Dashboard - My Children","Children List"],"failureMessages":[],"fullName":"Guardian Dashboard - My Children Children List should display all registered children","location":null,"status":"passed","title":"should display all registered children"},{"ancestorTitles":["Guardian Dashboard - My Children","Children List"],"failureMessages":[],"fullName":"Guardian Dashboard - My Children Children List should show child photo and basic info","location":null,"status":"passed","title":"should show child photo and basic info"},{"ancestorTitles":["Guardian Dashboard - My Children","Children List"],"failureMessages":[],"fullName":"Guardian Dashboard - My Children Children List should indicate vaccination status for each child","location":null,"status":"passed","title":"should indicate vaccination status for each child"},{"ancestorTitles":["Guardian Dashboard - My Children","Children List"],"failureMessages":[],"fullName":"Guardian Dashboard - My Children Children List should navigate to child details on click","location":null,"status":"passed","title":"should navigate to child details on click"},{"ancestorTitles":["Guardian Dashboard - My Children","Add Child"],"failureMessages":[],"fullName":"Guardian Dashboard - My Children Add Child should display registration form","location":null,"status":"passed","title":"should display registration form"},{"ancestorTitles":["Guardian Dashboard - My Children","Add Child"],"failureMessages":[],"fullName":"Guardian Dashboard - My Children Add Child should validate required fields","location":null,"status":"passed","title":"should validate required fields"},{"ancestorTitles":["Guardian Dashboard - My Children","Add Child"],"failureMessages":[],"fullName":"Guardian Dashboard - My Children Add Child should validate date of birth is not in future","location":null,"status":"passed","title":"should validate date of birth is not in future"},{"ancestorTitles":["Guardian Dashboard - My Children","Add Child"],"failureMessages":[],"fullName":"Guardian Dashboard - My Children Add Child should submit child registration successfully","location":null,"status":"passed","title":"should submit child registration successfully"},{"ancestorTitles":["Guardian Dashboard - My Children","Add Child"],"failureMessages":[],"fullName":"Guardian Dashboard - My Children Add Child should handle registration errors","location":null,"status":"passed","title":"should handle registration errors"},{"ancestorTitles":["Guardian Dashboard - My Children","Child Details"],"failureMessages":[],"fullName":"Guardian Dashboard - My Children Child Details should display complete child information","location":null,"status":"passed","title":"should display complete child information"},{"ancestorTitles":["Guardian Dashboard - My Children","Child Details"],"failureMessages":[],"fullName":"Guardian Dashboard - My Children Child Details should show vaccination history","location":null,"status":"passed","title":"should show vaccination history"},{"ancestorTitles":["Guardian Dashboard - My Children","Child Details"],"failureMessages":[],"fullName":"Guardian Dashboard - My Children Child Details should show upcoming vaccination schedule","location":null,"status":"passed","title":"should show upcoming vaccination schedule"},{"ancestorTitles":["Guardian Dashboard - My Children","Child Details"],"failureMessages":[],"fullName":"Guardian Dashboard - My Children Child Details should display growth records if available","location":null,"status":"passed","title":"should display growth records if available"},{"ancestorTitles":["Guardian Dashboard - My Children","Child Details"],"failureMessages":[],"fullName":"Guardian Dashboard - My Children Child Details should allow editing child information","location":null,"status":"passed","title":"should allow editing child information"},{"ancestorTitles":["Guardian Dashboard - Vaccination Records","Vaccination List"],"failureMessages":[],"fullName":"Guardian Dashboard - Vaccination Records Vaccination List should display vaccination history for child","location":null,"status":"passed","title":"should display vaccination history for child"},{"ancestorTitles":["Guardian Dashboard - Vaccination Records","Vaccination List"],"failureMessages":[],"fullName":"Guardian Dashboard - Vaccination Records Vaccination List should show vaccine name and date for each record","location":null,"status":"passed","title":"should show vaccine name and date for each record"},{"ancestorTitles":["Guardian Dashboard - Vaccination Records","Vaccination List"],"failureMessages":[],"fullName":"Guardian Dashboard - Vaccination Records Vaccination List should indicate dose number","location":null,"status":"passed","title":"should indicate dose number"},{"ancestorTitles":["Guardian Dashboard - Vaccination Records","Vaccination List"],"failureMessages":[],"fullName":"Guardian Dashboard - Vaccination Records Vaccination List should show next due date","location":null,"status":"passed","title":"should show next due date"},{"ancestorTitles":["Guardian Dashboard - Vaccination Records","Vaccination List"],"failureMessages":[],"fullName":"Guardian Dashboard - Vaccination Records Vaccination List should filter by child if multiple children","location":null,"status":"passed","title":"should filter by child if multiple children"},{"ancestorTitles":["Guardian Dashboard - Vaccination Records","Immunization Chart"],"failureMessages":[],"fullName":"Guardian Dashboard - Vaccination Records Immunization Chart should display standard immunization schedule","location":null,"status":"passed","title":"should display standard immunization schedule"},{"ancestorTitles":["Guardian Dashboard - Vaccination Records","Immunization Chart"],"failureMessages":[],"fullName":"Guardian Dashboard - Vaccination Records Immunization Chart should show vaccination status for each schedule item","location":null,"status":"passed","title":"should show vaccination status for each schedule item"},{"ancestorTitles":["Guardian Dashboard - Vaccination Records","Immunization Chart"],"failureMessages":[],"fullName":"Guardian Dashboard - Vaccination Records Immunization Chart should highlight overdue vaccinations","location":null,"status":"passed","title":"should highlight overdue vaccinations"},{"ancestorTitles":["Guardian Dashboard - Vaccination Records","Immunization Chart"],"failureMessages":[],"fullName":"Guardian Dashboard - Vaccination Records Immunization Chart should show completion percentage","location":null,"status":"passed","title":"should show completion percentage"},{"ancestorTitles":["Guardian Dashboard - Vaccination Records","Download Certificates"],"failureMessages":[],"fullName":"Guardian Dashboard - Vaccination Records Download Certificates should generate immunization record PDF","location":null,"status":"passed","title":"should generate immunization record PDF"},{"ancestorTitles":["Guardian Dashboard - Vaccination Records","Download Certificates"],"failureMessages":[],"fullName":"Guardian Dashboard - Vaccination Records Download Certificates should generate vaccination certificate","location":null,"status":"passed","title":"should generate vaccination certificate"},{"ancestorTitles":["Guardian Dashboard - Vaccination Records","Download Certificates"],"failureMessages":[],"fullName":"Guardian Dashboard - Vaccination Records Download Certificates should include QR code for verification","location":null,"status":"passed","title":"should include QR code for verification"},{"ancestorTitles":["Guardian Dashboard - Appointments","Appointment List"],"failureMessages":[],"fullName":"Guardian Dashboard - Appointments Appointment List should display upcoming appointments","location":null,"status":"passed","title":"should display upcoming appointments"},{"ancestorTitles":["Guardian Dashboard - Appointments","Appointment List"],"failureMessages":[],"fullName":"Guardian Dashboard - Appointments Appointment List should display past appointments","location":null,"status":"passed","title":"should display past appointments"},{"ancestorTitles":["Guardian Dashboard - Appointments","Appointment List"],"failureMessages":[],"fullName":"Guardian Dashboard - Appointments Appointment List should show appointment status","location":null,"status":"passed","title":"should show appointment status"},{"ancestorTitles":["Guardian Dashboard - Appointments","Appointment List"],"failureMessages":[],"fullName":"Guardian Dashboard - Appointments Appointment List should filter by child","location":null,"status":"passed","title":"should filter by child"},{"ancestorTitles":["Guardian Dashboard - Appointments","Book Appointment"],"failureMessages":[],"fullName":"Guardian Dashboard - Appointments Book Appointment should display booking form","location":null,"status":"passed","title":"should display booking form"},{"ancestorTitles":["Guardian Dashboard - Appointments","Book Appointment"],"failureMessages":[],"fullName":"Guardian Dashboard - Appointments Book Appointment should select child for appointment","location":null,"status":"passed","title":"should select child for appointment"},{"ancestorTitles":["Guardian Dashboard - Appointments","Book Appointment"],"failureMessages":[],"fullName":"Guardian Dashboard - Appointments Book Appointment should select appointment type","location":null,"status":"passed","title":"should select appointment type"},{"ancestorTitles":["Guardian Dashboard - Appointments","Book Appointment"],"failureMessages":[],"fullName":"Guardian Dashboard - Appointments Book Appointment should select date and time slot","location":null,"status":"passed","title":"should select date and time slot"},{"ancestorTitles":["Guardian Dashboard - Appointments","Book Appointment"],"failureMessages":[],"fullName":"Guardian Dashboard - Appointments Book Appointment should validate no past date selection","location":null,"status":"passed","title":"should validate no past date selection"},{"ancestorTitles":["Guardian Dashboard - Appointments","Book Appointment"],"failureMessages":[],"fullName":"Guardian Dashboard - Appointments Book Appointment should submit booking successfully","location":null,"status":"passed","title":"should submit booking successfully"},{"ancestorTitles":["Guardian Dashboard - Appointments","Book Appointment"],"failureMessages":[],"fullName":"Guardian Dashboard - Appointments Book Appointment should show confirmation after booking","location":null,"status":"passed","title":"should show confirmation after booking"},{"ancestorTitles":["Guardian Dashboard - Appointments","Cancel Appointment"],"failureMessages":[],"fullName":"Guardian Dashboard - Appointments Cancel Appointment should allow cancelling upcoming appointments","location":null,"status":"passed","title":"should allow cancelling upcoming appointments"},{"ancestorTitles":["Guardian Dashboard - Appointments","Cancel Appointment"],"failureMessages":[],"fullName":"Guardian Dashboard - Appointments Cancel Appointment should require cancellation reason","location":null,"status":"passed","title":"should require cancellation reason"},{"ancestorTitles":["Guardian Dashboard - Appointments","Cancel Appointment"],"failureMessages":[],"fullName":"Guardian Dashboard - Appointments Cancel Appointment should not allow cancelling past appointments","location":null,"status":"passed","title":"should not allow cancelling past appointments"},{"ancestorTitles":["Guardian Dashboard - Appointments","Reschedule Appointment"],"failureMessages":[],"fullName":"Guardian Dashboard - Appointments Reschedule Appointment should allow rescheduling upcoming appointments","location":null,"status":"passed","title":"should allow rescheduling upcoming appointments"},{"ancestorTitles":["Guardian Dashboard - Appointments","Reschedule Appointment"],"failureMessages":[],"fullName":"Guardian Dashboard - Appointments Reschedule Appointment should select new date and time","location":null,"status":"passed","title":"should select new date and time"},{"ancestorTitles":["Guardian Dashboard - Health Charts","Growth Tracking"],"failureMessages":[],"fullName":"Guardian Dashboard - Health Charts Growth Tracking should display growth chart for child","location":null,"status":"passed","title":"should display growth chart for child"},{"ancestorTitles":["Guardian Dashboard - Health Charts","Growth Tracking"],"failureMessages":[],"fullName":"Guardian Dashboard - Health Charts Growth Tracking should show weight over time","location":null,"status":"passed","title":"should show weight over time"},{"ancestorTitles":["Guardian Dashboard - Health Charts","Growth Tracking"],"failureMessages":[],"fullName":"Guardian Dashboard - Health Charts Growth Tracking should show height over time","location":null,"status":"passed","title":"should show height over time"},{"ancestorTitles":["Guardian Dashboard - Health Charts","Growth Tracking"],"failureMessages":[],"fullName":"Guardian Dashboard - Health Charts Growth Tracking should show head circumference","location":null,"status":"passed","title":"should show head circumference"},{"ancestorTitles":["Guardian Dashboard - Health Charts","Growth Tracking"],"failureMessages":[],"fullName":"Guardian Dashboard - Health Charts Growth Tracking should display percentile indicators","location":null,"status":"passed","title":"should display percentile indicators"},{"ancestorTitles":["Guardian Dashboard - Health Charts","Development Milestones"],"failureMessages":[],"fullName":"Guardian Dashboard - Health Charts Development Milestones should display milestone checklist","location":null,"status":"passed","title":"should display milestone checklist"},{"ancestorTitles":["Guardian Dashboard - Health Charts","Development Milestones"],"failureMessages":[],"fullName":"Guardian Dashboard - Health Charts Development Milestones should indicate achieved milestones","location":null,"status":"passed","title":"should indicate achieved milestones"},{"ancestorTitles":["Guardian Dashboard - Health Charts","Development Milestones"],"failureMessages":[],"fullName":"Guardian Dashboard - Health Charts Development Milestones should show upcoming milestones","location":null,"status":"passed","title":"should show upcoming milestones"},{"ancestorTitles":["Guardian Dashboard - Notifications","Notification List"],"failureMessages":[],"fullName":"Guardian Dashboard - Notifications Notification List should display all notifications","location":null,"status":"passed","title":"should display all notifications"},{"ancestorTitles":["Guardian Dashboard - Notifications","Notification List"],"failureMessages":[],"fullName":"Guardian Dashboard - Notifications Notification List should show unread notification indicator","location":null,"status":"passed","title":"should show unread notification indicator"},{"ancestorTitles":["Guardian Dashboard - Notifications","Notification List"],"failureMessages":[],"fullName":"Guardian Dashboard - Notifications Notification List should filter by type","location":null,"status":"passed","title":"should filter by type"},{"ancestorTitles":["Guardian Dashboard - Notifications","Notification List"],"failureMessages":[],"fullName":"Guardian Dashboard - Notifications Notification List should sort by date","location":null,"status":"passed","title":"should sort by date"},{"ancestorTitles":["Guardian Dashboard - Notifications","Notification Actions"],"failureMessages":[],"fullName":"Guardian Dashboard - Notifications Notification Actions should mark notification as read","location":null,"status":"passed","title":"should mark notification as read"},{"ancestorTitles":["Guardian Dashboard - Notifications","Notification Actions"],"failureMessages":[],"fullName":"Guardian Dashboard - Notifications Notification Actions should delete notification","location":null,"status":"passed","title":"should delete notification"},{"ancestorTitles":["Guardian Dashboard - Notifications","Notification Actions"],"failureMessages":[],"fullName":"Guardian Dashboard - Notifications Notification Actions should allow notification preferences","location":null,"status":"passed","title":"should allow notification preferences"},{"ancestorTitles":["Guardian Dashboard - Profile","Profile Information"],"failureMessages":[],"fullName":"Guardian Dashboard - Profile Profile Information should display guardian profile","location":null,"status":"passed","title":"should display guardian profile"},{"ancestorTitles":["Guardian Dashboard - Profile","Profile Information"],"failureMessages":[],"fullName":"Guardian Dashboard - Profile Profile Information should show name and contact information","location":null,"status":"passed","title":"should show name and contact information"},{"ancestorTitles":["Guardian Dashboard - Profile","Profile Information"],"failureMessages":[],"fullName":"Guardian Dashboard - Profile Profile Information should display linked children count","location":null,"status":"passed","title":"should display linked children count"},{"ancestorTitles":["Guardian Dashboard - Profile","Edit Profile"],"failureMessages":[],"fullName":"Guardian Dashboard - Profile Edit Profile should update name","location":null,"status":"passed","title":"should update name"},{"ancestorTitles":["Guardian Dashboard - Profile","Edit Profile"],"failureMessages":[],"fullName":"Guardian Dashboard - Profile Edit Profile should update phone number","location":null,"status":"passed","title":"should update phone number"},{"ancestorTitles":["Guardian Dashboard - Profile","Edit Profile"],"failureMessages":[],"fullName":"Guardian Dashboard - Profile Edit Profile should update email","location":null,"status":"passed","title":"should update email"},{"ancestorTitles":["Guardian Dashboard - Profile","Edit Profile"],"failureMessages":[],"fullName":"Guardian Dashboard - Profile Edit Profile should update address","location":null,"status":"passed","title":"should update address"},{"ancestorTitles":["Guardian Dashboard - Profile","Edit Profile"],"failureMessages":[],"fullName":"Guardian Dashboard - Profile Edit Profile should validate email format","location":null,"status":"passed","title":"should validate email format"},{"ancestorTitles":["Guardian Dashboard - Profile","Change Password"],"failureMessages":[],"fullName":"Guardian Dashboard - Profile Change Password should verify current password","location":null,"status":"passed","title":"should verify current password"},{"ancestorTitles":["Guardian Dashboard - Profile","Change Password"],"failureMessages":[],"fullName":"Guardian Dashboard - Profile Change Password should validate new password strength","location":null,"status":"passed","title":"should validate new password strength"},{"ancestorTitles":["Guardian Dashboard - Profile","Change Password"],"failureMessages":[],"fullName":"Guardian Dashboard - Profile Change Password should confirm password match","location":null,"status":"passed","title":"should confirm password match"},{"ancestorTitles":["Guardian Dashboard - Profile","Change Password"],"failureMessages":[],"fullName":"Guardian Dashboard - Profile Change Password should update password successfully","location":null,"status":"passed","title":"should update password successfully"},{"ancestorTitles":["Guardian Dashboard - Settings"],"failureMessages":[],"fullName":"Guardian Dashboard - Settings should manage notification preferences","location":null,"status":"passed","title":"should manage notification preferences"},{"ancestorTitles":["Guardian Dashboard - Settings"],"failureMessages":[],"fullName":"Guardian Dashboard - Settings should configure SMS notifications","location":null,"status":"passed","title":"should configure SMS notifications"},{"ancestorTitles":["Guardian Dashboard - Settings"],"failureMessages":[],"fullName":"Guardian Dashboard - Settings should configure email notifications","location":null,"status":"passed","title":"should configure email notifications"},{"ancestorTitles":["Guardian Dashboard - Settings"],"failureMessages":[],"fullName":"Guardian Dashboard - Settings should set quiet hours","location":null,"status":"passed","title":"should set quiet hours"},{"ancestorTitles":["Guardian Dashboard - Settings"],"failureMessages":[],"fullName":"Guardian Dashboard - Settings should manage language preference","location":null,"status":"passed","title":"should manage language preference"},{"ancestorTitles":["Guardian Dashboard - Integration Tests"],"failureMessages":[],"fullName":"Guardian Dashboard - Integration Tests should complete child registration and booking flow","location":null,"status":"passed","title":"should complete child registration and booking flow"},{"ancestorTitles":["Guardian Dashboard - Integration Tests"],"failureMessages":[],"fullName":"Guardian Dashboard - Integration Tests should handle multiple children profiles","location":null,"status":"passed","title":"should handle multiple children profiles"},{"ancestorTitles":["Guardian Dashboard - Integration Tests"],"failureMessages":[],"fullName":"Guardian Dashboard - Integration Tests should sync data in real-time","location":null,"status":"passed","title":"should sync data in real-time"},{"ancestorTitles":["Guardian Dashboard - Performance"],"failureMessages":[],"fullName":"Guardian Dashboard - Performance should load dashboard within 3 seconds","location":null,"status":"passed","title":"should load dashboard within 3 seconds"},{"ancestorTitles":["Guardian Dashboard - Performance"],"failureMessages":[],"fullName":"Guardian Dashboard - Performance should handle large vaccination history","location":null,"status":"passed","title":"should handle large vaccination history"},{"ancestorTitles":["Guardian Dashboard - Performance"],"failureMessages":[],"fullName":"Guardian Dashboard - Performance should optimize image loading","location":null,"status":"passed","title":"should optimize image loading"},{"ancestorTitles":["Guardian Dashboard - Mobile Responsiveness"],"failureMessages":[],"fullName":"Guardian Dashboard - Mobile Responsiveness should display mobile navigation","location":null,"status":"passed","title":"should display mobile navigation"},{"ancestorTitles":["Guardian Dashboard - Mobile Responsiveness"],"failureMessages":[],"fullName":"Guardian Dashboard - Mobile Responsiveness should show bottom navigation on mobile","location":null,"status":"passed","title":"should show bottom navigation on mobile"},{"ancestorTitles":["Guardian Dashboard - Mobile Responsiveness"],"failureMessages":[],"fullName":"Guardian Dashboard - Mobile Responsiveness should be touch-friendly","location":null,"status":"passed","title":"should be touch-friendly"},{"ancestorTitles":["Guardian Dashboard - Mobile Responsiveness"],"failureMessages":[],"fullName":"Guardian Dashboard - Mobile Responsiveness should work in landscape orientation","location":null,"status":"passed","title":"should work in landscape orientation"},{"ancestorTitles":["Guardian Dashboard - Security"],"failureMessages":[],"fullName":"Guardian Dashboard - Security should prevent XSS in input fields","location":null,"status":"passed","title":"should prevent XSS in input fields"},{"ancestorTitles":["Guardian Dashboard - Security"],"failureMessages":[],"fullName":"Guardian Dashboard - Security should encrypt data in transit","location":null,"status":"passed","title":"should encrypt data in transit"},{"ancestorTitles":["Guardian Dashboard - Security"],"failureMessages":[],"fullName":"Guardian Dashboard - Security should validate session tokens","location":null,"status":"passed","title":"should validate session tokens"},{"ancestorTitles":["Guardian Dashboard - Security"],"failureMessages":[],"fullName":"Guardian Dashboard - Security should implement CSRF protection","location":null,"status":"passed","title":"should implement CSRF protection"}],"endTime":1777284327004,"message":"","name":"C:\\Users\\rrjra\\OneDrive\\Desktop\\Immunicare\\frontend\\src\\__tests__\\guardian-dashboard.test.js","startTime":1777284326893,"status":"passed","summary":""},{"assertionResults":[{"ancestorTitles":["Admin integration sync and mapping checks"],"failureMessages":[],"fullName":"Admin integration sync and mapping checks normalized adapters handle wrapped payloads for records and transactions","location":null,"status":"passed","title":"normalized adapters handle wrapped payloads for records and transactions"},{"ancestorTitles":["Admin integration sync and mapping checks"],"failureMessages":[],"fullName":"Admin integration sync and mapping checks compliance summary is derived from schedules plus records (no placeholder math)","location":null,"status":"passed","title":"compliance summary is derived from schedules plus records (no placeholder math)"},{"ancestorTitles":["Admin integration sync and mapping checks"],"failureMessages":[],"fullName":"Admin integration sync and mapping checks vaccinations dashboard removes analytics tab and renders only required tabs","location":null,"status":"passed","title":"vaccinations dashboard removes analytics tab and renders only required tabs"},{"ancestorTitles":["Admin integration sync and mapping checks"],"failureMessages":["Error: expect(element).toHaveValue(301)\n\nExpected the element to have value:\n  301\nReceived:\n  302\n\nIgnored nodes: comments, script, style\n\u001b[36m<html>\u001b[39m\n  \u001b[36m<head>\u001b[39m\n    \u001b[36m<meta\u001b[39m\n      \u001b[33mcontent\u001b[39m=\u001b[32m\"\"\u001b[39m\n      \u001b[33mname\u001b[39m=\u001b[32m\"emotion-insertion-point\"\u001b[39m\n    \u001b[36m/>\u001b[39m\n  \u001b[36m</head>\u001b[39m\n  \u001b[36m<body\u001b[39m\n    \u001b[33mstyle\u001b[39m=\u001b[32m\"overflow: hidden;\"\u001b[39m\n  \u001b[36m>\u001b[39m\n    \u001b[36m<div>\u001b[39m\n      \u001b[36m<div\u001b[39m\n        \u001b[33mclass\u001b[39m=\u001b[32m\"flex flex-col h-screen overflow-hidden\"\u001b[39m\n      \u001b[36m>\u001b[39m\n        \u001b[36m<div\u001b[39m\n          \u001b[33mclass\u001b[39m=\u001b[32m\"flex-shrink-0 sticky top-0 z-30 bg-white dark:bg-gray-900 border-b border-gray-200 dark:border-gray-700 pb-4 pt-6 px-6\"\u001b[39m\n        \u001b[36m>\u001b[39m\n          \u001b[36m<header\u001b[39m\n            \u001b[33maria-label\u001b[39m=\u001b[32m\"Comprehensive Vaccination Management page header\"\u001b[39m\n            \u001b[33mclass\u001b[39m=\u001b[32m\"page-header bg-gradient-to-r from-blue-600 via-indigo-600 to-purple-700 rounded-xl sm:rounded-2xl text-white shadow-lg w-full \"\u001b[39m\n            \u001b[33mrole\u001b[39m=\u001b[32m\"banner\"\u001b[39m\n          \u001b[36m>\u001b[39m\n            \u001b[36m<div\u001b[39m\n              \u001b[33mclass\u001b[39m=\u001b[32m\"page-header__container px-4 py-4 min-[768px]:px-6 min-[768px]:py-5 min-[1025px]:px-8 min-[1025px]:py-6\"\u001b[39m\n            \u001b[36m>\u001b[39m\n              \u001b[36m<div\u001b[39m\n                \u001b[33mclass\u001b[39m=\u001b[32m\"page-header__content flex flex-col gap-3 min-[768px]:flex-row min-[768px]:items-start min-[768px]:justify-between min-[768px]:gap-4\"\u001b[39m\n              \u001b[36m>\u001b[39m\n                \u001b[36m<div\u001b[39m\n                  \u001b[33mclass\u001b[39m=\u001b[32m\"page-header__main flex items-start gap-3 min-w-0\"\u001b[39m\n                \u001b[36m>\u001b[39m\n                  \u001b[36m<div\u001b[39m\n                    \u001b[33mclass\u001b[39m=\u001b[32m\"page-header__text min-w-0\"\u001b[39m\n                  \u001b[36m>\u001b[39m\n                    \u001b[36m<h2\u001b[39m\n                      \u001b[33mclass\u001b[39m=\u001b[32m\"page-header__title text-lg min-[768px]:text-xl min-[1025px]:text-2xl font-bold break-words leading-tight\"\u001b[39m\n                    \u001b[36m>\u001b[39m\n                      \u001b[0mComprehensive Vaccination Management\u001b[0m\n                    \u001b[36m</h2>\u001b[39m\n                    \u001b[36m<p\u001b[39m\n                      \u001b[33mclass\u001b[39m=\u001b[32m\"page-header__subtitle text-sm min-[768px]:text-base text-white/80 break-words leading-relaxed\"\u001b[39m\n                    \u001b[36m>\u001b[39m\n                      \u001b[0mTrack, record, and manage all vaccination activities for pediatric patients\u001b[0m\n                    \u001b[36m</p>\u001b[39m\n                  \u001b[36m</div>\u001b[39m\n                \u001b[36m</div>\u001b[39m\n              \u001b[36m</div>\u001b[39m\n            \u001b[36m</div>\u001b[39m\n          \u001b[36m</header>\u001b[39m\n        \u001b[36m</div>\u001b[39m\n        \u001b[36m<div\u001b[39m\n          \u001b[33mclass\u001b[39m=\u001b[32m\"flex-1 flex flex-col p-4 sm:px-6 sm:pb-6 pt-3 overflow-hidden space-y-4\"\u001b[39m\n        \u001b[36m>\u001b[39m\n          \u001b[36m<div\u001b[39m\n            \u001b[33mclass\u001b[39m=\u001b[32m\"flex-shrink-0 z-20 bg-white dark:bg-gray-900\"\u001b[39m\n          \u001b[36m>\u001b[39m\n            \u001b[36m<div\u001b[39m\n              \u001b[33mclass\u001b[39m=\u001b[32m\"border-b border-gray-200 dark:border-gray-700 flex flex-col xl:flex-row xl:items-center justify-between px-4 py-3 gap-4\"\u001b[39m\n            \u001b[36m>\u001b[39m\n              \u001b[36m<nav\u001b[39m\n                \u001b[33mclass\u001b[39m=\u001b[32m\"flex space-x-2 overflow-x-auto bg-gray-100 dark:bg-gray-800 p-1.5 rounded-xl border border-gray-200 dark:border-gray-700\"\u001b[39m\n              \u001b[36m>\u001b[39m\n                \u001b[36m<button\u001b[39m\n                  \u001b[33mclass\u001b[39m=\u001b[32m\"px-4 py-2.5 rounded-lg font-medium text-sm transition-all duration-200 flex items-center gap-2 whitespace-nowrap text-gray-600 hover:text-gray-900 dark:text-gray-400 dark:hover:text-gray-200\"\u001b[39m\n                \u001b[36m>\u001b[39m\n                  \u001b[36m<span>\u001b[39m\n                    \u001b[0m💉\u001b[0m\n                  \u001b[36m</span>\u001b[39m\n                  \u001b[36m<span>\u001b[39m\n                    \u001b[0mVaccination Records\u001b[0m\n                  \u001b[36m</span>\u001b[39m\n                \u001b[36m</button>\u001b[39m\n                \u001b[36m<button\u001b[39m\n                  \u001b[33mclass\u001b[39m=\u001b[32m\"px-4 py-2.5 rounded-lg font-medium text-sm transition-all duration-200 flex items-center gap-2 whitespace-nowrap text-gray-600 hover:text-gray-900 dark:text-gray-400 dark:hover:text-gray-200\"\u001b[39m\n                \u001b[36m>\u001b[39m\n                  \u001b[36m<span>\u001b[39m\n                    \u001b[0m📊\u001b[0m\n                  \u001b[36m</span>\u001b[39m\n                  \u001b[36m<span>\u001b[39m\n                    \u001b[0mVaccination Tracking\u001b[0m\n                  \u001b[36m</span>\u001b[39m\n                \u001b[36m</button>\u001b[39m\n                \u001b[36m<button\u001b[39m\n                  \u001b[33mclass\u001b[39m=\u001b[32m\"px-4 py-2.5 rounded-lg font-medium text-sm transition-all duration-200 flex items-center gap-2 whitespace-nowrap bg-white dark:bg-gray-700 text-blue-600 dark:text-blue-400 shadow-sm\"\u001b[39m\n                \u001b[36m>\u001b[39m\n                  \u001b[36m<span>\u001b[39m\n                    \u001b[0m📅\u001b[0m\n                  \u001b[36m</span>\u001b[39m\n                  \u001b[36m<span>\u001b[39m\n                    \u001b[0mVaccination Schedule\u001b[0m\n                  \u001b[36m</span>\u001b[39m\n                \u001b[36m</button>\u001b[39m\n              \u001b[36m</nav>\u001b[39m\n              \u001b[36m<div\u001b[39m\n                \u001b[33mclass\u001b[39m=\u001b[32m\"flex flex-wrap items-end gap-3 mt-3 xl:mt-0\"\u001b[39m\n              \u001b[36m>\u001b[39m\n                \u001b[36m<div\u001b[39m\n                  \u001b[33mclass\u001b[39m=\u001b[32m\"w-full sm:w-64 relative flex-shrink-0\"\u001b[39m\n                \u001b[36m>\u001b[39m\n                  \u001b[36m<div\u001b[39m\n                    \u001b[33mclass\u001b[39m=\u001b[32m\"mb-0\"\u001b[39m\n                  \u001b[36m>\u001b[39m\n                    \u001b[36m<div\u001b[39m\n                      \u001b[33mclass\u001b[39m=\u001b[32m\"relative\"\u001b[39m\n                    \u
[...]
                  \u001b[36m<path\u001b[39m\n                    \u001b[33md\u001b[39m=\u001b[32m\"M8 17v-3\"\u001b[39m\n                  \u001b[36m/>\u001b[39m\n                \u001b[36m</svg>\u001b[39m\n                \u001b[36m<span\u001b[39m\n                  \u001b[33mclass\u001b[39m=\u001b[32m\"hidden md:block font-bold\"\u001b[39m\n                \u001b[36m>\u001b[39m\n                  \u001b[0mAnalytics\u001b[0m\n                \u001b[36m</span>\u001b[39m\n                \u001b[36m<span\u001b[39m\n                  \u001b[33mclass\u001b[39m=\u001b[32m\"ml-auto text-sm hidden md:block\"\u001b[39m\n                \u001b[36m/>\u001b[39m\n                \u001b[36m<div\u001b[39m\n                  \u001b[33mclass\u001b[39m=\u001b[32m\"md:hidden absolute left-full ml-2 px-3 py-2 bg-gray-900 text-white text-sm rounded-lg opacity-0 group-hover:opacity-100 transition-opacity duration-200 whitespace-nowrap z-50 pointer-events-none shadow-lg font-bold\"\u001b[39m\n                \u001b[36m>\u001b[39m\n                  \u001b[0mAnalytics\u001b[0m\n                  \u001b[36m<div\u001b[39m\n                    \u001b[33mclass\u001b[39m=\u001b[32m\"absolute right-full top-1/2 transform -translate-y-1/2 border-4 border-transparent border-r-gray-900\"\u001b[39m\n                  \u001b[36m/>\u001b[39m\n                \u001b[36m</div>\u001b[39m\n              \u001b[36m</button>\u001b[39m\n            \u001b[36m</div>\u001b[39m\n            \u001b[36m<div>\u001b[39m\n              \u001b[36m<button\u001b[39m\n                \u001b[33mclass\u001b[39m=\u001b[32m\"w-full text-left px-4 py-3 rounded-lg transition-all duration-200 group relative flex items-center gap-3 sidebar-link\n                    hover:bg-indigo-50 dark:hover:bg-gray-700 text-gray-700 dark:text-gray-200 hover:translate-x-1 font-bold\"\u001b[39m\n                \u001b[33mstyle\u001b[39m=\u001b[32m\"animation-delay: 50ms;\"\u001b[39m\n                \u001b[33mtype\u001b[39m=\u001b[32m\"button\"\u001b[39m\n              \u001b[36m>\u001b[39m\n                \u001b[36m<svg\u001b[39m\n                  \u001b[33maria-hidden\u001b[39m=\u001b[32m\"true\"\u001b[39m\n                  \u001b[33mclass\u001b[39m=\u001b[32m\"lucide lucide-baby w-5 h-5 flex-shrink-0\"\u001b[39m\n                  \u001b[33mfill\u001b[39m=\u001b[32m\"none\"\u001b[39m\n                  \u001b[33mheight\u001b[39m=\u001b[32m\"24\"\u001b[39m\n                  \u001b[33mstroke\u001b[39m=\u001b[32m\"currentColor\"\u001b[39m\n                  \u001b[33mstroke-linecap\u001b[39m=\u001b[32m\"round\"\u001b[39m\n                  \u001b[33mstroke-linejoin\u001b[39m=\u001b[32m\"round\"\u001b[39m\n                  \u001b[33mstroke-width\u001b[39m=\u001b[32m\"2\"\u001b[39m\n                  \u001b[33mviewBox\u001b[39m=\u001b[32m\"0 0 24 24\"\u001b[39m\n                  \u001b[33mwidth\u001b[39m=\u001b[32m\"24\"\u001b[39m\n                  \u001b[33mxmlns\u001b[39m=\u001b[32m\"http://www.w3.org/2000/svg\"\u001b[39m\n                \u001b[36m>\u001b[39m\n                  \u001b[36m<path\u001b[39m\n                    \u001b[33md\u001b[39m=\u001b[32m\"M10 16c.5.3 1.2.5 2 .5s1.5-.2 2-.5\"\u001b[39m\n                  \u001b[36m/>\u001b[39m\n                  \u001b[36m<path\u001b[39m\n                    \u001b[33md\u001b[39m=\u001b[32m\"M15 12h.01\"\u001b[39m\n                  \u001b[36m/>\u001b[39m\n                  \u001b[36m<path\u001b[39m\n                    \u001b[33md\u001b[39m=\u001b[32m\"M19.38 6.813A9 9 0 0 1 20.8 10.2a2 2 0 0 1 0 3.6 9 9 0 0 1-17.6 0 2 2 0 0 1 0-3.6A9 9 0 0 1 12 3c2 0 3.5 1.1 3.5 2.5s-.9 2.5-2 2.5c-.8 0-1.5-.4-1.5-1\"\u001b[39m\n                  \u001b[36m/>\u001b[39m\n                  \u001b[36m<path\u001b[39m\n                    \u001b[33md\u001b[39m=\u001b[32m\"M9 12h.01\"\u001b[39m\n                  \u001b[36m/>\u001b[39m\n                \u001b[36m</svg>\u001b[39m\n                \u001b[36m<span\u001b[39m\n                  \u001b[33mclass\u001b[39m=\u001b[32m\"hidden md:block font-bold\"\u001b[39m\n                \u001b[36m>\u001b[39m\n                  \u001b[0mInfant Management\u001b[0m\n                \u001b[36m</span>\u001b[39m\n                \u001b[36m<span\u001b[39m\n                  \u001b[33mclass\u001b[39m=\u001b[32m\"ml-auto text-sm hidden md:block\"\u001b[39m\n                \u001b[36m/>\u001b[39m...\n\n    \u001b[0m \u001b[90m 100 |\u001b[39m     )\u001b[33m;\u001b[39m\n     \u001b[90m 101 |\u001b[39m\n    \u001b[31m\u001b[1m>\u001b[22m\u001b[39m\u001b[90m 102 |\u001b[39m     fireEvent\u001b[33m.\u001b[39mclick(screen\u001b[33m.\u001b[39mgetByRole(\u001b[32m\"button\"\u001b[39m\u001b[33m,\u001b[39m { name\u001b[33m:\u001b[39m \u001b[35m/transfer-in cases/i\u001b[39m }))\u001b[33m;\u001b[39m\n     \u001b[90m     |\u001b[39m                            \u001b[31m\u001b[1m^\u001b[22m\u001b[39m\n     \u001b[90m 103 |\u001b[39m\n     \u001b[90m 104 |\u001b[39m     expect(mockNavigate)\u001b[33m.\u001b[39mtoHaveBeenCalledWith(adminRoutePaths\u001b[33m.\u001b[39mtransferInCases)\u001b[33m;\u001b[39m\n     \u001b[90m 105 |\u001b[39m     expect(\u001b[0m\n\n      at Object.getElementError (node_modules/@testing-library/dom/dist/config.js:37:19)\n      at node_modules/@testing-library/dom/dist/query-helpers.js:76:38\n      at node_modules/@testing-library/dom/dist/query-helpers.js:52:17\n      at getByRole (node_modules/@testing-library/dom/dist/query-helpers.js:95:19)\n      at Object.<anonymous> (src/__tests__/phase1-route-cleanup.test.jsx:102:28)\n","name":"C:\\Users\\rrjra\\OneDrive\\Desktop\\Immunicare\\frontend\\src\\__tests__\\phase1-route-cleanup.test.jsx","startTime":1777284380506,"status":"failed","summary":""},{"assertionResults":[{"ancestorTitles":["Infant management system scope loading"],"failureMessages":[],"fullName":"Infant management system scope loading requests full system infant scope for admin listings","location":null,"status":"passed","title":"requests full system infant scope for admin listings"},{"ancestorTitles":["Infant management system scope loading"],"failureMessages":[],"fullName":"Infant management system scope loading opens the transfer-in cases view from the header button without leaving the infant workflow","location":null,"status":"passed","title":"opens the transfer-in cases view from the header button without leaving the infant workflow"}],"endTime":1777284381279,"message":"","name":"C:\\Users\\rrjra\\OneDrive\\Desktop\\Immunicare\\frontend\\src\\__tests__\\infant-management-system-scope.test.jsx","startTime":1777284380912,"status":"passed","summary":""},{"assertionResults":[{"ancestorTitles":["usePrintDateRange"],"failureMessages":[],"fullName":"usePrintDateRange requires users to apply a valid draft range before printing","location":null,"status":"passed","title":"requires users to apply a valid draft range before printing"},{"ancestorTitles":["usePrintDateRange"],"failureMessages":[],"fullName":"usePrintDateRange rejects invalid date order","location":null,"status":"passed","title":"rejects invalid date order"},{"ancestorTitles":["usePrintDateRange"],"failureMessages":[],"fullName":"usePrintDateRange can sync an externally controlled applied range","location":null,"status":"passed","title":"can sync an externally controlled applied range"},{"ancestorTitles":["filterItemsByPrintDateRange"],"failureMessages":[],"fullName":"filterItemsByPrintDateRange keeps only records with matching candidate dates inside the applied range","location":null,"status":"passed","title":"keeps only records with matching candidate dates inside the applied range"}],"endTime":1777284381379,"message":"","name":"C:\\Users\\rrjra\\OneDrive\\Desktop\\Immunicare\\frontend\\src\\hooks\\__tests__\\usePrintDateRange.test.js","startTime":1777284381291,"status":"passed","summary":""},{"assertionResults":[{"ancestorTitles":["useAppointments admin scope loading"],"failureMessages":[],"fullName":"useAppointments admin scope loading merges clinic_id and facility_id while loading the full appointment list","location":null,"status":"passed","title":"merges clinic_id and facility_id while loading the full appointment list"},{"ancestorTitles":["useAppointments admin scope loading"],"failureMessages":[],"fullName":"useAppointments admin scope loading preserves facility scope while forwarding status and date filters for paged appointment loads","location":null,"status":"passed","title":"preserves facility scope while forwarding status and date filters for paged appointment loads"}],"endTime":1777284381592,"message":"","name":"C:\\Users\\rrjra\\OneDrive\\Desktop\\Immunicare\\frontend\\src\\__tests__\\use-dashboard-appointments-scope.test.jsx","startTime":1777284381392,"status":"passed","summary":""},{"assertionResults":[{"ancestorTitles":["InjectVaccineModal infant dropdown labels"],"failureMessages":["Error: expect(jest.fn()).toHaveBeenCalledWith(...expected)\n\n- Expected\n+ Received\n\n  Object {\n    \"limit\": 50,\n+   \"orderBy\": \"dob\",\n+   \"orderDirection\": \"DESC\",\n    \"page\": 1,\n    \"scope\": \"system\",\n-   \"search\": \"2026\",\n+   \"search\": undefined,\n  },\n\nNumber of calls: 1\n    at Object.<anonymous> (C:\\Users\\rrjra\\OneDrive\\Desktop\\Immunicare\\frontend\\src\\__tests__\\inject-vaccine-modal-date-format.test.jsx:84:34)\n    at runNextTicks (node:internal/process/task_queues:65:5)\n    at listOnTimeout (node:internal/timers:549:9)\n    at processTimers (node:internal/timers:523:7)"],"fullName":"InjectVaccineModal infant dropdown labels formats infant birth dates in the Select Infant dropdown using Manila local time","location":null,"status":"failed","title":"formats infant birth dates in the Select Infant dropdown using Manila local time"}],"endTime":1777284381915,"message":"  ● InjectVaccineModal infant dropdown labels › formats infant birth dates in the Select Infant dropdown using Manila local time\n\n    expect(jest.fn()).toHaveBeenCalledWith(...expected)\n\n    - Expected\n    + Received\n\n      Object {\n        \"limit\": 50,\n    +   \"orderBy\": \"dob\",\n    +   \"orderDirection\": \"DESC\",\n        \"page\": 1,\n        \"scope\": \"system\",\n    -   \"search\": \"2026\",\n    +   \"search\": undefined,\n      },\n\n    Number of calls: 1\n\n    \u001b[0m \u001b[90m 82 |\u001b[39m     \u001b[36mconst\u001b[39m infantSelect \u001b[33m=\u001b[39m \u001b[36mawait\u001b[39m screen\u001b[33m.\u001b[39mfindByRole(\u001b[32m\"button\"\u001b[39m\u001b[33m,\u001b[39m { name\u001b[33m:\u001b[39m \u001b[35m/select infant/i\u001b[39m })\u001b[33m;\u001b[39m\n     \u001b[90m 83 |\u001b[39m\n    \u001b[31m\u001b[1m>\u001b[22m\u001b[39m\u001b[90m 84 |\u001b[39m     expect(apiClient\u001b[33m.\u001b[39mgetInfants)\u001b[33m.\u001b[39mtoHaveBeenCalledWith({\n     \u001b[90m    |\u001b[39m                                  \u001b[31m\u001b[1m^\u001b[22m\u001b[39m\n     \u001b[90m 85 |\u001b[39m       limit\u001b[33m:\u001b[39m \u001b[35m50\u001b[39m\u001b[33m,\u001b[39m\n     \u001b[90m 86 |\u001b[39m       page\u001b[33m:\u001b[39m \u001b[35m1\u001b[39m\u001b[33m,\u001b[39m\n     \u001b[90m 87 |\u001b[39m       search\u001b[33m:\u001b[39m \u001b[32m\"2026\"\u001b[39m\u001b[33m,\u001b[39m\u001b[0m\n\n      at Object.<anonymous> (src/__tests__/inject-vaccine-modal-date-format.test.jsx:84:34)\n","name":"C:\\Users\\rrjra\\OneDrive\\Desktop\\Immunicare\\frontend\\src\\__tests__\\inject-vaccine-modal-date-format.test.jsx","startTime":1777284381599,"status":"failed","summary":""},{"assertionResults":[{"ancestorTitles":["Phase 10 health information role split"],"failureMessages":[],"fullName":"Phase 10 health information role split guardian mode loads own children and shows caregiver guidance","location":null,"status":"passed","title":"guardian mode loads own children and shows caregiver guidance"},{"ancestorTitles":["Phase 10 health information role split"],"failureMessages":[],"fullName":"Phase 10 health information role split admin mode loads all child records and shows operational guidance","location":null,"status":"passed","title":"admin mode loads all child records and shows operational guidance"}],"endTime":1777284382370,"message":"","name":"C:\\Users\\rrjra\\OneDrive\\Desktop\\Immunicare\\frontend\\src\\__tests__\\phase10-health-information-role-split.test.jsx","startTime":1777284381921,"status":"passed","summary":""},{"assertionResults":[{"ancestorTitles":["phase 12 permission helpers"],"failureMessages":[],"fullName":"phase 12 permission helpers normalizes permissions and exposes workflow capabilities","location":null,"status":"passed","title":"normalizes permissions and exposes workflow capabilities"},{"ancestorTitles":["phase 12 audit log adapters"],"failureMessages":[],"fullName":"phase 12 audit log adapters extracts audit log collections from wrapped API payloads","location":null,"status":"passed","title":"extracts audit log collections from wrapped API payloads"},{"ancestorTitles":["phase 12 audit log adapters"],"failureMessages":[],"fullName":"phase 12 audit log adapters formats audit log rows for UI tables","location":null,"status":"passed","title":"formats audit log rows for UI tables"}],"endTime":1777284382445,"message":"","name":"C:\\Users\\rrjra\\OneDrive\\Desktop\\Immunicare\\frontend\\src\\__tests__\\phase12-permissions-and-audit-adapters.test.js","startTime":1777284382380,"status":"passed","summary":""},{"assertionResults":[{"ancestorTitles":["vaccination period helpers"],"failureMessages":[],"fullName":"vaccination period helpers normalizes unknown values to month","location":null,"status":"passed","title":"normalizes unknown values to month"},{"ancestorTitles":["vaccination period helpers"],"failureMessages":[],"fullName":"vaccination period helpers builds full calendar month ranges","location":null,"status":"passed","title":"builds full calendar month ranges"},{"ancestorTitles":["vaccination period helpers"],"failureMessages":[],"fullName":"vaccination period helpers builds calendar week ranges anchored to Monday-Sunday","location":null,"status":"passed","title":"builds calendar week ranges anchored to Monday-Sunday"},{"ancestorTitles":["vaccination period helpers"],"failureMessages":[],"fullName":"vaccination period helpers builds records params from canonical period keys","location":null,"status":"passed","title":"builds records params from canonical period keys"}],"endTime":1777284382508,"message":"","name":"C:\\Users\\rrjra\\OneDrive\\Desktop\\Immunicare\\frontend\\src\\__tests__\\vaccinationPeriods.test.js","startTime":1777284382457,"status":"passed","summary":""},{"assertionResults":[{"ancestorTitles":["Vaccinations dashboard metric consistency"],"failureMessages":[],"fullName":"Vaccinations dashboard metric consistency summary cards use full schedule-derived counts instead of only pending record rows","location":null,"status":"passed","title":"summary cards use full schedule-derived counts instead of only pending record rows"},{"ancestorTitles":["Vaccinations dashboard metric consistency"],"failureMessages":[],"fullName":"Vaccinations dashboard metric consistency records tab can be restored from the URL without hydrating schedule data","location":null,"status":"passed","title":"records tab can be restored from the URL without hydrating schedule data"},{"ancestorTitles":["Vaccinations dashboard metric consistency"],"failureMessages":[],"fullName":"Vaccinations dashboard metric consistency schedule tab does not preload hidden records and refreshes shared summary metrics","location":null,"status":"passed","title":"schedule tab does not preload hidden records and refreshes shared summary metrics"},{"ancestorTitles":["Vaccinations dashboard metric consistency"],"failureMessages":[],"fullName":"Vaccinations dashboard metric consistency records tab search scopes KPI cards to the matching child schedule","location":null,"status":"passed","title":"records tab search scopes KPI cards to the matching child schedule"},{"ancestorTitles":["Vaccinations dashboard metric consistency"],"failureMessages":[],"fullName":"Vaccinations dashboard metric consistency records tab keeps the loading guard visible until a silent refresh resolves","location":null,"status":"passed","title":"records tab keeps the loading guard visible until a silent refresh resolves"},{"ancestorTitles":["Vaccinations dashboard metric consistency"],"failureMessages":[],"fullName":"Vaccinations dashboard metric consistency tracking tab can be restored from the URL and loads the canonical overview","location":null,"status":"passed","title":"tracking tab can be restored from the URL and loads the canonical overview"},{"ancestorTitles":["Vaccinations dashboard metric consistency"],"failureMessages":[],"fullName":"Vaccinations dashboard metric consistency top KPI cards stay aligned across tabs using one period summary source","location":null,"status":"passed","title":"top KPI cards stay aligned across tabs using one period summary source"},{"ancestorTitles":["Vaccinations dashboard metric consistency"],"failureMessages":[],"fullName":"Vaccinations dashboard metric consistency tracking tab respects the selected period and hides future-dated infants","location":null,"status":"passed","title":"tracking tab respects the selected period and hides future-dated infants"},{"ancestorTitles":["Vaccinations dashboard metric consistency"],"failureMessages":[],"fullName":"Vaccinations dashboard metric consistency schedule tab summary cards follow the locally filtered rows instead of stale analytics totals","location":null,"status":"passed","title":"schedule tab summary cards follow the locally filtered rows instead of stale analytics totals"},{"ancestorTitles":["Vaccinations dashboard metric consistency"],"failureMessages":[],"fullName":"Vaccinations dashboard metric consistency overview responses stay cached when revisiting schedule and tracking tabs","location":null,"status":"passed","title":"overview responses stay cached when revisiting schedule and tracking tabs"}],"endTime":1777284383452,"message":"","name":"C:\\Users\\rrjra\\OneDrive\\Desktop\\Immunicare\\frontend\\src\\__tests__\\vaccinations-dashboard-metrics-consistency.test.jsx","startTime":1777284382521,"status":"passed","summary":""},{"assertionResults":[{"ancestorTitles":["useDashboard directory hooks"],"failureMessages":[],"fullName":"useDashboard directory hooks useGuardians fetches only the requested page","location":null,"status":"passed","title":"useGuardians fetches only the requested page"},{"ancestorTitles":["useDashboard directory hooks"],"failureMessages":[],"fullName":"useDashboard directory hooks useSystemUsers honors enabled=false and stays idle","location":null,"status":"passed","title":"useSystemUsers honors enabled=false and stays idle"}],"endTime":1777284383712,"message":"","name":"C:\\Users\\rrjra\\OneDrive\\Desktop\\Immunicare\\frontend\\src\\hooks\\__tests__\\useDashboard-directory-hooks.test.jsx","startTime":1777284383540,"status":"passed","summary":""},{"assertionResults":[{"ancestorTitles":["Input Component"],"failureMessages":[],"fullName":"Input Component renders with correct type when not showing password","location":null,"status":"passed","title":"renders with correct type when not showing password"},{"ancestorTitles":["Input Component"],"failureMessages":[],"fullName":"Input Component shows password when showPasswordToggle is true and password is shown","location":null,"status":"passed","title":"shows password when showPasswordToggle is true and password is shown"},{"ancestorTitles":["Input Component"],"failureMessages":[],"fullName":"Input Component hides password when showPasswordToggle is true and password is hidden","location":null,"status":"passed","title":"hides password when showPasswordToggle is true and password is hidden"}],"endTime":1777284383853,"message":"","name":"C:\\Users\\rrjra\\OneDrive\\Desktop\\Immunicare\\frontend\\src\\components\\UI\\Input.test.js","startTime":1777284383717,"status":"passed","summary":""}],"wasInterrupted":false}