{"numFailedTestSuites":0,"numFailedTests":0,"numPassedTestSuites":64,"numPassedTests":702,"numPendingTestSuites":0,"numPendingTests":0,"numRuntimeErrorTestSuites":0,"numTodoTests":0,"numTotalTestSuites":64,"numTotalTests":702,"openHandles":[],"snapshot":{"added":0,"didUpdate":false,"failure":false,"filesAdded":0,"filesRemoved":0,"filesRemovedList":[],"filesUnmatched":0,"filesUpdated":0,"matched":0,"total":0,"unchecked":0,"uncheckedKeysByFile":[],"unmatched":0,"updated":0},"startTime":1777287706935,"success":true,"testResults":[{"assertionResults":[{"ancestorTitles":["Admin integration sync and mapping checks"],"failureMessages":[],"fullName":"Admin integration sync and mapping checks normalized adapters handle wrapped payloads for records and transactions","location":null,"status":"passed","title":"normalized adapters handle wrapped payloads for records and transactions"},{"ancestorTitles":["Admin integration sync and mapping checks"],"failureMessages":[],"fullName":"Admin integration sync and mapping checks compliance summary is derived from schedules plus records (no placeholder math)","location":null,"status":"passed","title":"compliance summary is derived from schedules plus records (no placeholder math)"},{"ancestorTitles":["Admin integration sync and mapping checks"],"failureMessages":[],"fullName":"Admin integration sync and mapping checks vaccinations dashboard removes analytics tab and renders only required tabs","location":null,"status":"passed","title":"vaccinations dashboard removes analytics tab and renders only required tabs"},{"ancestorTitles":["Admin integration sync and mapping checks"],"failureMessages":[],"fullName":"Admin integration sync and mapping checks vaccinations dashboard mutation triggers refresh fetch","location":null,"status":"passed","title":"vaccinations dashboard mutation triggers refresh fetch"},{"ancestorTitles":["Admin integration sync and mapping checks"],"failureMessages":[],"fullName":"Admin integration sync and mapping checks vaccination add flow auto-selects the earliest FEFO-linked batch","location":null,"status":"passed","title":"vaccination add flow auto-selects the earliest FEFO-linked batch"},{"ancestorTitles":["Admin integration sync and mapping checks"],"failureMessages":[],"fullName":"Admin integration sync and mapping checks vaccinations dashboard keeps scoped inventory polling active","location":null,"status":"passed","title":"vaccinations dashboard keeps scoped inventory polling active"},{"ancestorTitles":["Admin integration sync and mapping checks"],"failureMessages":[],"fullName":"Admin integration sync and mapping checks vaccine tracking falls back to unscoped fetch when clinic context is unavailable","location":null,"status":"passed","title":"vaccine tracking falls back to unscoped fetch when clinic context is unavailable"},{"ancestorTitles":["Admin integration sync and mapping checks"],"failureMessages":[],"fullName":"Admin integration sync and mapping checks add-record vaccine selection excludes unapproved vaccine names","location":null,"status":"passed","title":"add-record vaccine selection excludes unapproved vaccine names"}],"endTime":1777287711127,"message":"","name":"C:\\Users\\rrjra\\OneDrive\\Desktop\\Immunicare\\frontend\\src\\__tests__\\admin-integration-sync-and-mapping.test.jsx","startTime":1777287707476,"status":"passed","summary":""},{"assertionResults":[{"ancestorTitles":["Dashboard button functionality audit"],"failureMessages":[],"fullName":"Dashboard button functionality audit Guardian mobile bottom nav buttons navigate to expected routes","location":null,"status":"passed","title":"Guardian mobile bottom nav buttons navigate to expected routes"},{"ancestorTitles":["Dashboard button functionality audit"],"failureMessages":[],"fullName":"Dashboard button functionality audit Guardian sidebar primary buttons navigate to expected routes","location":null,"status":"passed","title":"Guardian sidebar primary buttons navigate to expected routes"},{"ancestorTitles":["Dashboard button functionality audit"],"failureMessages":[],"fullName":"Dashboard button functionality audit Admin dashboard notifications actions navigate correctly","location":null,"status":"passed","title":"Admin dashboard notifications actions navigate correctly"},{"ancestorTitles":["Dashboard button functionality audit"],"failureMessages":[],"fullName":"Dashboard button functionality audit Admin sidebar buttons route correctly and logout opens confirmation","location":null,"status":"passed","title":"Admin sidebar buttons route correctly and logout opens confirmation"},{"ancestorTitles":["Dashboard button functionality audit"],"failureMessages":[],"fullName":"Dashboard button functionality audit Admin sidebar renders live date-time above Dashboard and updates in real time","location":null,"status":"passed","title":"Admin sidebar renders live date-time above Dashboard and updates in real time"},{"ancestorTitles":["Dashboard button functionality audit"],"failureMessages":[],"fullName":"Dashboard button functionality audit Analytics page renders resilient shell without crashing","location":null,"status":"passed","title":"Analytics page renders resilient shell without crashing"}],"endTime":1777287719922,"message":"","name":"C:\\Users\\rrjra\\OneDrive\\Desktop\\Immunicare\\frontend\\src\\__tests__\\dashboard-button-functionality.audit.test.jsx","startTime":1777287711183,"status":"passed","summary":""},{"assertionResults":[{"ancestorTitles":["Guardian dashboard journey smoke tests"],"failureMessages":[],"fullName":"Guardian dashboard journey smoke tests Appointments quick action navigates to appointments page","location":null,"status":"passed","title":"Appointments quick action navigates to appointments page"},{"ancestorTitles":["Guardian dashboard journey smoke tests"],"failureMessages":[],"fullName":"Guardian dashboard journey smoke tests Guardian dashboard remains usable in mobile viewport","location":null,"status":"passed","title":"Guardian dashboard remains usable in mobile viewport"},{"ancestorTitles":["Guardian navigation components"],"failureMessages":[],"fullName":"Guardian navigation components Mobile bottom nav routes to Appointments","location":null,"status":"passed","title":"Mobile bottom nav routes to Appointments"},{"ancestorTitles":["Guardian navigation components"],"failureMessages":[],"fullName":"Guardian navigation components Guardian sidebar routes to My Children","location":null,"status":"passed","title":"Guardian sidebar routes to My Children"},{"ancestorTitles":["Guardian module pages"],"failureMessages":[],"fullName":"Guardian module pages MyChildren page quick actions navigate to records","location":null,"status":"passed","title":"MyChildren page quick actions navigate to records"},{"ancestorTitles":["Guardian module pages"],"failureMessages":[],"fullName":"Guardian module pages MyChildren opens Add Child modal when global add-child event is dispatched","location":null,"status":"passed","title":"MyChildren opens Add Child modal when global add-child event is dispatched"},{"ancestorTitles":["Guardian module pages"],"failureMessages":[],"fullName":"Guardian module pages MyChildren links purok and street-color selections in the registration form","location":null,"status":"passed","title":"MyChildren links purok and street-color selections in the registration form"},{"ancestorTitles":["Guardian module pages"],"failureMessages":[],"fullName":"Guardian module pages Appointment booking refreshes children list when infant registered event is dispatched","location":null,"status":"passed","title":"Appointment booking refreshes children list when infant registered event is dispatched"},{"ancestorTitles":["Guardian module pages"],"failureMessages":[],"fullName":"Guardian module pages Guardian appointments page routes to the dedicated booking page","location":null,"status":"passed","title":"Guardian appointments page routes to the dedicated booking page"},{"ancestorTitles":["Guardian module pages"],"failureMessages":[],"fullName":"Guardian module pages Guardian appointments page allows switching back to calendar view on mobile","location":null,"status":"passed","title":"Guardian appointments page allows switching back to calendar view on mobile"}],"endTime":1777287722234,"message":"","name":"C:\\Users\\rrjra\\OneDrive\\Desktop\\Immunicare\\frontend\\src\\__tests__\\guardian-button-testing.test.jsx","startTime":1777287719944,"status":"passed","summary":""},{"assertionResults":[{"ancestorTitles":["Admin module URL state persistence"],"failureMessages":[],"fullName":"Admin module URL state persistence Analytics deep link keeps Inventory & Reminders active on load","location":null,"status":"passed","title":"Analytics deep link keeps Inventory & Reminders active on load"},{"ancestorTitles":["Admin module URL state persistence"],"failureMessages":[],"fullName":"Admin module URL state persistence Analytics uses URL as source of truth for tab changes and URL navigation","location":null,"status":"passed","title":"Analytics uses URL as source of truth for tab changes and URL navigation"},{"ancestorTitles":["Admin module URL state persistence"],"failureMessages":[],"fullName":"Admin module URL state persistence Analytics falls back to stored tab only when URL tab is missing","location":null,"status":"passed","title":"Analytics falls back to stored tab only when URL tab is missing"},{"ancestorTitles":["Admin module URL state persistence"],"failureMessages":[],"fullName":"Admin module URL state persistence Analytics filter interactions keep pathname pinned to /analytics while only refreshing data","location":null,"status":"passed","title":"Analytics filter interactions keep pathname pinned to /analytics while only refreshing data"},{"ancestorTitles":["Admin module URL state persistence"],"failureMessages":[],"fullName":"Admin module URL state persistence Analytics canonicalizes tab search to tab-only after invalid deep link tab while staying on /analytics","location":null,"status":"passed","title":"Analytics canonicalizes tab search to tab-only after invalid deep link tab while staying on /analytics"},{"ancestorTitles":["Admin module URL state persistence"],"failureMessages":[],"fullName":"Admin module URL state persistence Inventory module preserves the Inventory Summary tab via URL and storage fallback","location":null,"status":"passed","title":"Inventory module preserves the Inventory Summary tab via URL and storage fallback"},{"ancestorTitles":["Admin module URL state persistence"],"failureMessages":[],"fullName":"Admin module URL state persistence Inventory tab switching replaces the inventory sheet panel with stock movement history","location":null,"status":"passed","title":"Inventory tab switching replaces the inventory sheet panel with stock movement history"},{"ancestorTitles":["Admin module URL state persistence"],"failureMessages":[],"fullName":"Admin module URL state persistence Inventory transaction deep links resolve to Stock Movements and render transaction history","location":null,"status":"passed","title":"Inventory transaction deep links resolve to Stock Movements and render transaction history"},{"ancestorTitles":["Admin module URL state persistence"],"failureMessages":[],"fullName":"Admin module URL state persistence Inventory legacy reports tab canonicalizes to the supported inventory sheet tab","location":null,"status":"passed","title":"Inventory legacy reports tab canonicalizes to the supported inventory sheet tab"}],"endTime":1777287727267,"message":"","name":"C:\\Users\\rrjra\\OneDrive\\Desktop\\Immunicare\\frontend\\src\\__tests__\\admin-url-state-persistence.test.jsx","startTime":1777287722312,"status":"passed","summary":""},{"assertionResults":[{"ancestorTitles":["Inventory Management save behavior"],"failureMessages":[],"fullName":"Inventory Management save behavior saves inventory sheet through the supported item update endpoint with a resolved reporting period","location":null,"status":"passed","title":"saves inventory sheet through the supported item update endpoint with a resolved reporting period"},{"ancestorTitles":["Inventory Management save behavior"],"failureMessages":[],"fullName":"Inventory Management save behavior keeps saved inventory rows actionable when the persisted vaccine name differs from the sheet label","location":null,"status":"passed","title":"keeps saved inventory rows actionable when the persisted vaccine name differs from the sheet label"},{"ancestorTitles":["Inventory Management save behavior"],"failureMessages":[],"fullName":"Inventory Management save behavior requires selecting an available lot/batch for issue transactions","location":null,"status":"passed","title":"requires selecting an available lot/batch for issue transactions"},{"ancestorTitles":["Inventory Management save behavior"],"failureMessages":[],"fullName":"Inventory Management save behavior blocks waste transactions when the selected lot/batch cannot fulfill the requested quantity","location":null,"status":"passed","title":"blocks waste transactions when the selected lot/batch cannot fulfill the requested quantity"},{"ancestorTitles":["Inventory Management save behavior"],"failureMessages":[],"fullName":"Inventory Management save behavior keeps backend validation errors inside the transaction modal instead of replacing the page","location":null,"status":"passed","title":"keeps backend validation errors inside the transaction modal instead of replacing the page"}],"endTime":1777287730041,"message":"","name":"C:\\Users\\rrjra\\OneDrive\\Desktop\\Immunicare\\frontend\\src\\__tests__\\inventory-management-save.test.jsx","startTime":1777287727296,"status":"passed","summary":""},{"assertionResults":[{"ancestorTitles":["Analytics dashboard rendering and filter stability"],"failureMessages":[],"fullName":"Analytics dashboard rendering and filter stability renders trend modules with zero-filled points and labels","location":null,"status":"passed","title":"renders trend modules with zero-filled points and labels"},{"ancestorTitles":["Analytics dashboard rendering and filter stability"],"failureMessages":[],"fullName":"Analytics dashboard rendering and filter stability does not force system scope into the default admin analytics dashboard request","location":null,"status":"passed","title":"does not force system scope into the default admin analytics dashboard request"},{"ancestorTitles":["Analytics dashboard rendering and filter stability"],"failureMessages":[],"fullName":"Analytics dashboard rendering and filter stability shows explicit zero-data demographics state when backend has no records","location":null,"status":"passed","title":"shows explicit zero-data demographics state when backend has no records"},{"ancestorTitles":["Analytics dashboard rendering and filter stability"],"failureMessages":[],"fullName":"Analytics dashboard rendering and filter stability keeps a full gender card with explicit 0% fallback when demographics request fails","location":null,"status":"passed","title":"keeps a full gender card with explicit 0% fallback when demographics request fails"},{"ancestorTitles":["Analytics dashboard rendering and filter stability"],"failureMessages":[],"fullName":"Analytics dashboard rendering and filter stability report shortcuts generate and download reports via reports API without direct broken endpoint navigation","location":null,"status":"passed","title":"report shortcuts generate and download reports via reports API without direct broken endpoint navigation"},{"ancestorTitles":["Analytics dashboard rendering and filter stability"],"failureMessages":[],"fullName":"Analytics dashboard rendering and filter stability inventory labels and dropdown filters remain interactive without screen blackout","location":null,"status":"passed","title":"inventory labels and dropdown filters remain interactive without screen blackout"},{"ancestorTitles":["Analytics dashboard rendering and filter stability"],"failureMessages":[],"fullName":"Analytics dashboard rendering and filter stability normalizes wrapped and direct analytics payload responses so trend sections still render","location":null,"status":"passed","title":"normalizes wrapped and direct analytics payload responses so trend sections still render"},{"ancestorTitles":["Analytics dashboard rendering and filter stability"],"failureMessages":[],"fullName":"Analytics dashboard rendering and filter stability supports dashboard payloads that return criticalAlerts only and still renders Critical Alerts module","location":null,"status":"passed","title":"supports dashboard payloads that return criticalAlerts only and still renders Critical Alerts module"},{"ancestorTitles":["Analytics dashboard rendering and filter stability"],"failureMessages":[],"fullName":"Analytics dashboard rendering and filter stability prefers alerts payload over criticalAlerts fallback when both are present","location":null,"status":"passed","title":"prefers alerts payload over criticalAlerts fallback when both are present"},{"ancestorTitles":["Analytics dashboard rendering and filter stability"],"failureMessages":[],"fullName":"Analytics dashboard rendering and filter stability renders KPI cards from canonical summary fields for infants, guardians, completed today, and due","location":null,"status":"passed","title":"renders KPI cards from canonical summary fields for infants, guardians, completed today, and due"},{"ancestorTitles":["Analytics dashboard rendering and filter stability"],"failureMessages":[],"fullName":"Analytics dashboard rendering and filter stability shows auto-refresh warning without clearing existing rendered cards when silent refresh fails","location":null,"status":"passed","title":"shows auto-refresh warning without clearing existing rendered cards when silent refresh fails"},{"ancestorTitles":["Analytics dashboard rendering and filter stability"],"failureMessages":[],"fullName":"Analytics dashboard rendering and filter stability prefers live appointment and inventory sections over fallback validated metrics when summary fields are absent","location":null,"status":"passed","title":"prefers live appointment and inventory sections over fallback validated metrics when summary fields are absent"}],"endTime":1777287733925,"message":"","name":"C:\\Users\\rrjra\\OneDrive\\Desktop\\Immunicare\\frontend\\src\\__tests__\\analytics-dashboard-rendering.test.jsx","startTime":1777287730068,"status":"passed","summary":""},{"assertionResults":[{"ancestorTitles":["Inventory Management print and export behavior"],"failureMessages":[],"fullName":"Inventory Management print and export behavior shows a unified inventory report toolbar with shared print and export actions","location":null,"status":"passed","title":"shows a unified inventory report toolbar with shared print and export actions"},{"ancestorTitles":["Inventory Management print and export behavior"],"failureMessages":[],"fullName":"Inventory Management print and export behavior inventory sheet print action shows the restored inventory-sheet report and removes the print class after printing","location":null,"status":"passed","title":"inventory sheet print action shows the restored inventory-sheet report and removes the print class after printing"},{"ancestorTitles":["Inventory Management print and export behavior"],"failureMessages":[],"fullName":"Inventory Management print and export behavior stock form print report follows the DOH/LGU header structure and maps DOH versus LGU values","location":null,"status":"passed","title":"stock form print report follows the DOH/LGU header structure and maps DOH versus LGU values"},{"ancestorTitles":["Inventory Management print and export behavior"],"failureMessages":[],"fullName":"Inventory Management print and export behavior deduplicates overlapping facility address parts in printable report headers","location":null,"status":"passed","title":"deduplicates overlapping facility address parts in printable report headers"},{"ancestorTitles":["Inventory Management print and export behavior"],"failureMessages":[],"fullName":"Inventory Management print and export behavior ris print action renders the requisition and issue slip with seals and mapped inventory values","location":null,"status":"passed","title":"ris print action renders the requisition and issue slip with seals and mapped inventory values"},{"ancestorTitles":["Inventory Management print and export behavior"],"failureMessages":[],"fullName":"Inventory Management print and export behavior locks RIS Word export to legal portrait without changing other inventory report templates","location":null,"status":"passed","title":"locks RIS Word export to legal portrait without changing other inventory report templates"},{"ancestorTitles":["Inventory Management print and export behavior"],"failureMessages":[],"fullName":"Inventory Management print and export behavior locks RIS PDF export to legal portrait without changing other inventory report templates","location":null,"status":"passed","title":"locks RIS PDF export to legal portrait without changing other inventory report templates"},{"ancestorTitles":["Inventory Management print and export behavior"],"failureMessages":[],"fullName":"Inventory Management print and export behavior toolbar PDF download follows the selected report format for DOH/LGU and RIS forms","location":null,"status":"passed","title":"toolbar PDF download follows the selected report format for DOH/LGU and RIS forms"},{"ancestorTitles":["Inventory Management print and export behavior"],"failureMessages":[],"fullName":"Inventory Management print and export behavior inventory sheet PDF download stays legal landscape and uses the inventory-sheet filename","location":null,"status":"passed","title":"inventory sheet PDF download stays legal landscape and uses the inventory-sheet filename"}],"endTime":1777287737652,"message":"","name":"C:\\Users\\rrjra\\OneDrive\\Desktop\\Immunicare\\frontend\\src\\__tests__\\inventory-management-readability-export-print.test.jsx","startTime":1777287734004,"status":"passed","summary":""},{"assertionResults":[{"ancestorTitles":["VaccineRulesEngine","getVaccinationSchedule"],"failureMessages":[],"fullName":"VaccineRulesEngine getVaccinationSchedule should return the vaccination schedule","location":null,"status":"passed","title":"should return the vaccination schedule"},{"ancestorTitles":["VaccineRulesEngine","calculateCompletedDoses"],"failureMessages":[],"fullName":"VaccineRulesEngine calculateCompletedDoses should calculate completed doses from vaccination history","location":null,"status":"passed","title":"should calculate completed doses from vaccination history"},{"ancestorTitles":["VaccineRulesEngine","calculateCompletedDoses"],"failureMessages":[],"fullName":"VaccineRulesEngine calculateCompletedDoses should handle empty vaccination history","location":null,"status":"passed","title":"should handle empty vaccination history"},{"ancestorTitles":["VaccineRulesEngine","detectMissingDoses"],"failureMessages":[],"fullName":"VaccineRulesEngine detectMissingDoses should detect missing doses based on age","location":null,"status":"passed","title":"should detect missing doses based on age"},{"ancestorTitles":["VaccineRulesEngine","calculateNextValidDose"],"failureMessages":[],"fullName":"VaccineRulesEngine calculateNextValidDose should calculate the next valid dose","location":null,"status":"passed","title":"should calculate the next valid dose"},{"ancestorTitles":["VaccineRulesEngine","calculateNextValidDose"],"failureMessages":[],"fullName":"VaccineRulesEngine calculateNextValidDose should return null if all doses are complete","location":null,"status":"passed","title":"should return null if all doses are complete"},{"ancestorTitles":["VaccineRulesEngine","classifyVaccineStatus"],"failureMessages":[],"fullName":"VaccineRulesEngine classifyVaccineStatus should classify status as \"upcoming\" for future vaccines","location":null,"status":"passed","title":"should classify status as \"upcoming\" for future vaccines"},{"ancestorTitles":["VaccineRulesEngine","classifyVaccineStatus"],"failureMessages":[],"fullName":"VaccineRulesEngine classifyVaccineStatus should classify status as \"due soon\" for vaccines due within 2 weeks","location":null,"status":"passed","title":"should classify status as \"due soon\" for vaccines due within 2 weeks"},{"ancestorTitles":["VaccineRulesEngine","classifyVaccineStatus"],"failureMessages":[],"fullName":"VaccineRulesEngine classifyVaccineStatus should classify status as \"overdue\" for past due vaccines","location":null,"status":"passed","title":"should classify status as \"overdue\" for past due vaccines"},{"ancestorTitles":["VaccineRulesEngine","classifyVaccineStatus"],"failureMessages":[],"fullName":"VaccineRulesEngine classifyVaccineStatus should classify status as \"ready\" for vaccines ready to administer","location":null,"status":"passed","title":"should classify status as \"ready\" for vaccines ready to administer"},{"ancestorTitles":["VaccineRulesEngine","assignTriageCategory"],"failureMessages":[],"fullName":"VaccineRulesEngine assignTriageCategory should assign \"needs_verification\" for unclear records","location":null,"status":"passed","title":"should assign \"needs_verification\" for unclear records"},{"ancestorTitles":["VaccineRulesEngine","assignTriageCategory"],"failureMessages":[],"fullName":"VaccineRulesEngine assignTriageCategory should assign \"ready_for_scheduling\" for clear records ready to schedule","location":null,"status":"passed","title":"should assign \"ready_for_scheduling\" for clear records ready to schedule"},{"ancestorTitles":["VaccineRulesEngine","assignTriageCategory"],"failureMessages":[],"fullName":"VaccineRulesEngine assignTriageCategory should assign \"priority_follow_up\" for overdue vaccines","location":null,"status":"passed","title":"should assign \"priority_follow_up\" for overdue vaccines"},{"ancestorTitles":["VaccineRulesEngine","assignTriageCategory"],"failureMessages":[],"fullName":"VaccineRulesEngine assignTriageCategory should assign \"not_yet_due\" for vaccines not yet due","location":null,"status":"passed","title":"should assign \"not_yet_due\" for vaccines not yet due"},{"ancestorTitles":["Edge Cases"],"failureMessages":[],"fullName":"Edge Cases should handle invalid vaccination history entries","location":null,"status":"passed","title":"should handle invalid vaccination history entries"},{"ancestorTitles":["Edge Cases"],"failureMessages":[],"fullName":"Edge Cases should handle future-dated vaccinations","location":null,"status":"passed","title":"should handle future-dated vaccinations"}],"endTime":1777287740982,"message":"","name":"C:\\Users\\rrjra\\OneDrive\\Desktop\\Immunicare\\frontend\\src\\__tests__\\vaccine-rules-engine.test.js","startTime":1777287737677,"status":"passed","summary":""},{"assertionResults":[{"ancestorTitles":["Inventory Management PDF autoTable fallback"],"failureMessages":[],"fullName":"Inventory Management PDF autoTable fallback downloads the inventory sheet PDF even when jsPDF instances do not expose doc.autoTable","location":null,"status":"passed","title":"downloads the inventory sheet PDF even when jsPDF instances do not expose doc.autoTable"}],"endTime":1777287742175,"message":"","name":"C:\\Users\\rrjra\\OneDrive\\Desktop\\Immunicare\\frontend\\src\\__tests__\\inventory-management-pdf-autotable-fallback.test.jsx","startTime":1777287741054,"status":"passed","summary":""},{"assertionResults":[{"ancestorTitles":["Guardian appointments weekend blocking and action order"],"failureMessages":[],"fullName":"Guardian appointments weekend blocking and action order configures calendar with Sunday as first day of week","location":null,"status":"passed","title":"configures calendar with Sunday as first day of week"},{"ancestorTitles":["Guardian appointments weekend blocking and action order"],"failureMessages":[],"fullName":"Guardian appointments weekend blocking and action order blocks weekend date click and does not open booking modal","location":null,"status":"passed","title":"blocks weekend date click and does not open booking modal"},{"ancestorTitles":["Guardian appointments weekend blocking and action order"],"failureMessages":[],"fullName":"Guardian appointments weekend blocking and action order weekday click routes to the full booking page with selected date prefilled","location":null,"status":"passed","title":"weekday click routes to the full booking page with selected date prefilled"},{"ancestorTitles":["Guardian appointments weekend blocking and action order"],"failureMessages":[],"fullName":"Guardian appointments weekend blocking and action order guardian appointments page hides vaccine stock details from guardians","location":null,"status":"passed","title":"guardian appointments page hides vaccine stock details from guardians"},{"ancestorTitles":["Guardian appointments weekend blocking and action order"],"failureMessages":[],"fullName":"Guardian appointments weekend blocking and action order day view header renderer includes weekday, month, numeric day, and year","location":null,"status":"passed","title":"day view header renderer includes weekday, month, numeric day, and year"},{"ancestorTitles":["Guardian appointments weekend blocking and action order"],"failureMessages":[],"fullName":"Guardian appointments weekend blocking and action order switching to Day view auto-jumps to selected date from month click","location":null,"status":"passed","title":"switching to Day view auto-jumps to selected date from month click"},{"ancestorTitles":["Guardian appointments weekend blocking and action order"],"failureMessages":[],"fullName":"Guardian appointments weekend blocking and action order booking page keeps guardian action order with primary submit first","location":null,"status":"passed","title":"booking page keeps guardian action order with primary submit first"},{"ancestorTitles":["Guardian appointments weekend blocking and action order"],"failureMessages":[],"fullName":"Guardian appointments weekend blocking and action order booking page preserves calendar-selected date and auto-loads slots for prefilled child context","location":null,"status":"passed","title":"booking page preserves calendar-selected date and auto-loads slots for prefilled child context"},{"ancestorTitles":["Guardian appointments weekend blocking and action order"],"failureMessages":[],"fullName":"Guardian appointments weekend blocking and action order booking page submits a vaccine-aware appointment from smart suggestions","location":null,"status":"passed","title":"booking page submits a vaccine-aware appointment from smart suggestions"},{"ancestorTitles":["Guardian appointments weekend blocking and action order"],"failureMessages":[],"fullName":"Guardian appointments weekend blocking and action order booking page deduplicates repeated pending confirmation reasons","location":null,"status":"passed","title":"booking page deduplicates repeated pending confirmation reasons"},{"ancestorTitles":["Guardian appointments weekend blocking and action order"],"failureMessages":[],"fullName":"Guardian appointments weekend blocking and action order booking page reads guardian child sex from the canonical gender field when sex is missing","location":null,"status":"passed","title":"booking page reads guardian child sex from the canonical gender field when sex is missing"},{"ancestorTitles":["Guardian appointments weekend blocking and action order"],"failureMessages":[],"fullName":"Guardian appointments weekend blocking and action order booking page loads time slots when a future selected date makes the next dose eligible","location":null,"status":"passed","title":"booking page loads time slots when a future selected date makes the next dose eligible"},{"ancestorTitles":["Guardian appointments weekend blocking and action order"],"failureMessages":[],"fullName":"Guardian appointments weekend blocking and action order booking page shows slot availability feedback instead of silently failing","location":null,"status":"passed","title":"booking page shows slot availability feedback instead of silently failing"}],"endTime":1777287744768,"message":"","name":"C:\\Users\\rrjra\\OneDrive\\Desktop\\Immunicare\\frontend\\src\\__tests__\\guardian-appointments-weekend-and-actions.test.jsx","startTime":1777287742217,"status":"passed","summary":""},{"assertionResults":[{"ancestorTitles":["Appointments completion action workflow"],"failureMessages":[],"fullName":"Appointments completion action workflow completed appointments keep edit access after clicking Complete","location":null,"status":"passed","title":"completed appointments keep edit access after clicking Complete"},{"ancestorTitles":["Appointments completion action workflow"],"failureMessages":[],"fullName":"Appointments completion action workflow completed rows render the same action set after reload","location":null,"status":"passed","title":"completed rows render the same action set after reload"},{"ancestorTitles":["Appointments completion action workflow"],"failureMessages":[],"fullName":"Appointments completion action workflow completion refresh uses the hook source when available","location":null,"status":"passed","title":"completion refresh uses the hook source when available"},{"ancestorTitles":["Appointments completion action workflow"],"failureMessages":[],"fullName":"Appointments completion action workflow schedule modal uses the searchable infant picker without changing form mapping","location":null,"status":"passed","title":"schedule modal uses the searchable infant picker without changing form mapping"},{"ancestorTitles":["Appointments completion action workflow"],"failureMessages":[],"fullName":"Appointments completion action workflow schedule modal falls back to direct infant records when dashboard infants are empty","location":null,"status":"passed","title":"schedule modal falls back to direct infant records when dashboard infants are empty"},{"ancestorTitles":["Appointments completion action workflow"],"failureMessages":[],"fullName":"Appointments completion action workflow list view preserves raw appointment status labels and exposes no-show filtering","location":null,"status":"passed","title":"list view preserves raw appointment status labels and exposes no-show filtering"}],"endTime":1777287747869,"message":"","name":"C:\\Users\\rrjra\\OneDrive\\Desktop\\Immunicare\\frontend\\src\\__tests__\\appointments-complete-actions.test.jsx","startTime":1777287744835,"status":"passed","summary":""},{"assertionResults":[{"ancestorTitles":["Infant module loading stability under StrictMode lifecycle"],"failureMessages":[],"fullName":"Infant module loading stability under StrictMode lifecycle InfantPersonalRecord exits loading state after StrictMode effect replay","location":null,"status":"passed","title":"InfantPersonalRecord exits loading state after StrictMode effect replay"},{"ancestorTitles":["Infant module loading stability under StrictMode lifecycle"],"failureMessages":[],"fullName":"Infant module loading stability under StrictMode lifecycle InfantPersonalRecord renders saved purok details in health center information","location":null,"status":"passed","title":"InfantPersonalRecord renders saved purok details in health center information"},{"ancestorTitles":["Infant module loading stability under StrictMode lifecycle"],"failureMessages":[],"fullName":"Infant module loading stability under StrictMode lifecycle VaccineScheduleBooklet exits loading state after StrictMode effect replay","location":null,"status":"passed","title":"VaccineScheduleBooklet exits loading state after StrictMode effect replay"},{"ancestorTitles":["Infant module loading stability under StrictMode lifecycle"],"failureMessages":[],"fullName":"Infant module loading stability under StrictMode lifecycle ImmunizationRecordBooklet exits loading state after StrictMode effect replay","location":null,"status":"passed","title":"ImmunizationRecordBooklet exits loading state after StrictMode effect replay"},{"ancestorTitles":["Infant module loading stability under StrictMode lifecycle"],"failureMessages":[],"fullName":"Infant module loading stability under StrictMode lifecycle ImmunizationChart exits loading state after StrictMode effect replay","location":null,"status":"passed","title":"ImmunizationChart exits loading state after StrictMode effect replay"},{"ancestorTitles":["Infant module loading stability under StrictMode lifecycle"],"failureMessages":[],"fullName":"Infant module loading stability under StrictMode lifecycle ImmunizationChart renders PDF action with the redesigned visit layout","location":null,"status":"passed","title":"ImmunizationChart renders PDF action with the redesigned visit layout"},{"ancestorTitles":["Infant module loading stability under StrictMode lifecycle"],"failureMessages":[],"fullName":"Infant module loading stability under StrictMode lifecycle ImmunizationChart prints through a prepared iframe document instead of a blank popup","location":null,"status":"passed","title":"ImmunizationChart prints through a prepared iframe document instead of a blank popup"}],"endTime":1777287750913,"message":"","name":"C:\\Users\\rrjra\\OneDrive\\Desktop\\Immunicare\\frontend\\src\\__tests__\\infant-management-loading-stability.test.jsx","startTime":1777287747900,"status":"passed","summary":""},{"assertionResults":[{"ancestorTitles":["Vaccinations dashboard metric consistency"],"failureMessages":[],"fullName":"Vaccinations dashboard metric consistency summary cards use full schedule-derived counts instead of only pending record rows","location":null,"status":"passed","title":"summary cards use full schedule-derived counts instead of only pending record rows"},{"ancestorTitles":["Vaccinations dashboard metric consistency"],"failureMessages":[],"fullName":"Vaccinations dashboard metric consistency records tab can be restored from the URL without hydrating schedule data","location":null,"status":"passed","title":"records tab can be restored from the URL without hydrating schedule data"},{"ancestorTitles":["Vaccinations dashboard metric consistency"],"failureMessages":[],"fullName":"Vaccinations dashboard metric consistency schedule tab does not preload hidden records and refreshes shared summary metrics","location":null,"status":"passed","title":"schedule tab does not preload hidden records and refreshes shared summary metrics"},{"ancestorTitles":["Vaccinations dashboard metric consistency"],"failureMessages":[],"fullName":"Vaccinations dashboard metric consistency records tab search scopes KPI cards to the matching child schedule","location":null,"status":"passed","title":"records tab search scopes KPI cards to the matching child schedule"},{"ancestorTitles":["Vaccinations dashboard metric consistency"],"failureMessages":[],"fullName":"Vaccinations dashboard metric consistency records tab keeps the loading guard visible until a silent refresh resolves","location":null,"status":"passed","title":"records tab keeps the loading guard visible until a silent refresh resolves"},{"ancestorTitles":["Vaccinations dashboard metric consistency"],"failureMessages":[],"fullName":"Vaccinations dashboard metric consistency tracking tab can be restored from the URL and loads the canonical overview","location":null,"status":"passed","title":"tracking tab can be restored from the URL and loads the canonical overview"},{"ancestorTitles":["Vaccinations dashboard metric consistency"],"failureMessages":[],"fullName":"Vaccinations dashboard metric consistency top KPI cards stay aligned across tabs using one period summary source","location":null,"status":"passed","title":"top KPI cards stay aligned across tabs using one period summary source"},{"ancestorTitles":["Vaccinations dashboard metric consistency"],"failureMessages":[],"fullName":"Vaccinations dashboard metric consistency tracking tab respects the selected period and hides future-dated infants","location":null,"status":"passed","title":"tracking tab respects the selected period and hides future-dated infants"},{"ancestorTitles":["Vaccinations dashboard metric consistency"],"failureMessages":[],"fullName":"Vaccinations dashboard metric consistency schedule tab summary cards follow the locally filtered rows instead of stale analytics totals","location":null,"status":"passed","title":"schedule tab summary cards follow the locally filtered rows instead of stale analytics totals"},{"ancestorTitles":["Vaccinations dashboard metric consistency"],"failureMessages":[],"fullName":"Vaccinations dashboard metric consistency overview responses stay cached when revisiting schedule and tracking tabs","location":null,"status":"passed","title":"overview responses stay cached when revisiting schedule and tracking tabs"}],"endTime":1777287754263,"message":"","name":"C:\\Users\\rrjra\\OneDrive\\Desktop\\Immunicare\\frontend\\src\\__tests__\\vaccinations-dashboard-metrics-consistency.test.jsx","startTime":1777287750930,"status":"passed","summary":""},{"assertionResults":[{"ancestorTitles":["Transfer-In End-to-End Flow","Guardian Transfer-In Form Component"],"failureMessages":[],"fullName":"Transfer-In End-to-End Flow Guardian Transfer-In Form Component should render transfer-in form correctly","location":null,"status":"passed","title":"should render transfer-in form correctly"},{"ancestorTitles":["Transfer-In End-to-End Flow","Guardian Transfer-In Form Component"],"failureMessages":[],"fullName":"Transfer-In End-to-End Flow Guardian Transfer-In Form Component should update form fields when user types","location":null,"status":"passed","title":"should update form fields when user types"},{"ancestorTitles":["Transfer-In End-to-End Flow","Guardian Transfer-In Form Component"],"failureMessages":[],"fullName":"Transfer-In End-to-End Flow Guardian Transfer-In Form Component should submit form with correct data when submitted","location":null,"status":"passed","title":"should submit form with correct data when submitted"},{"ancestorTitles":["Transfer-In End-to-End Flow","Guardian Transfer-In Form Component"],"failureMessages":[],"fullName":"Transfer-In End-to-End Flow Guardian Transfer-In Form Component should disable submit button when loading","location":null,"status":"passed","title":"should disable submit button when loading"},{"ancestorTitles":["Transfer-In End-to-End Flow","Guardian Transfer-In Form Component"],"failureMessages":[],"fullName":"Transfer-In End-to-End Flow Guardian Transfer-In Form Component should enable submit button when not loading","location":null,"status":"passed","title":"should enable submit button when not loading"},{"ancestorTitles":["Transfer-In End-to-End Flow","Guardian Transfer-In Submission"],"failureMessages":[],"fullName":"Transfer-In End-to-End Flow Guardian Transfer-In Submission should submit transfer-in case with prior vaccination records","location":null,"status":"passed","title":"should submit transfer-in case with prior vaccination records"},{"ancestorTitles":["Transfer-In End-to-End Flow","Guardian Transfer-In Submission"],"failureMessages":[],"fullName":"Transfer-In End-to-End Flow Guardian Transfer-In Submission should handle incomplete vaccination records","location":null,"status":"passed","title":"should handle incomplete vaccination records"},{"ancestorTitles":["Transfer-In End-to-End Flow","Admin Transfer-In Validation"],"failureMessages":[],"fullName":"Transfer-In End-to-End Flow Admin Transfer-In Validation should approve transfer-in with clear records","location":null,"status":"passed","title":"should approve transfer-in with clear records"},{"ancestorTitles":["Transfer-In End-to-End Flow","Smart Appointment Scheduling"],"failureMessages":[],"fullName":"Transfer-In End-to-End Flow Smart Appointment Scheduling should get available slots with vaccine stock check","location":null,"status":"passed","title":"should get available slots with vaccine stock check"},{"ancestorTitles":["Transfer-In End-to-End Flow","Smart Appointment Scheduling"],"failureMessages":[],"fullName":"Transfer-In End-to-End Flow Smart Appointment Scheduling should create appointment after slot selection","location":null,"status":"passed","title":"should create appointment after slot selection"},{"ancestorTitles":["Notification Flow","Notification Preferences Component"],"failureMessages":[],"fullName":"Notification Flow Notification Preferences Component should render notification preferences","location":null,"status":"passed","title":"should render notification preferences"},{"ancestorTitles":["Notification Flow","Notification Preferences Component"],"failureMessages":[],"fullName":"Notification Flow Notification Preferences Component should render all preference items","location":null,"status":"passed","title":"should render all preference items"},{"ancestorTitles":["Notification Flow","Notification Preferences Component"],"failureMessages":[],"fullName":"Notification Flow Notification Preferences Component should call onToggle when SMS toggle is clicked","location":null,"status":"passed","title":"should call onToggle when SMS toggle is clicked"},{"ancestorTitles":["Notification Flow","Notification Preferences Component"],"failureMessages":[],"fullName":"Notification Flow Notification Preferences Component should call onToggle when email toggle is clicked","location":null,"status":"passed","title":"should call onToggle when email toggle is clicked"},{"ancestorTitles":["Notification Flow","Notification Preferences Component"],"failureMessages":[],"fullName":"Notification Flow Notification Preferences Component should disable toggles when saving","location":null,"status":"passed","title":"should disable toggles when saving"},{"ancestorTitles":["Notification Flow","Notification Preferences"],"failureMessages":[],"fullName":"Notification Flow Notification Preferences should get guardian notification preferences","location":null,"status":"passed","title":"should get guardian notification preferences"},{"ancestorTitles":["Notification Flow","Notification Preferences"],"failureMessages":[],"fullName":"Notification Flow Notification Preferences should update notification preferences","location":null,"status":"passed","title":"should update notification preferences"},{"ancestorTitles":["Notification Flow","Channel Selection"],"failureMessages":[],"fullName":"Notification Flow Channel Selection should send notification via preferred channel","location":null,"status":"passed","title":"should send notification via preferred channel"},{"ancestorTitles":["Notification Flow","Channel Selection"],"failureMessages":[],"fullName":"Notification Flow Channel Selection should skip notification if channel is disabled","location":null,"status":"passed","title":"should skip notification if channel is disabled"},{"ancestorTitles":["Notification Flow","Debouncing"],"failureMessages":[],"fullName":"Notification Flow Debouncing should prevent duplicate notifications within debounce window","location":null,"status":"passed","title":"should prevent duplicate notifications within debounce window"},{"ancestorTitles":["Vaccine Rules Engine","Dose Calculation"],"failureMessages":[],"fullName":"Vaccine Rules Engine Dose Calculation should calculate next valid dose from history","location":null,"status":"passed","title":"should calculate next valid dose from history"}],"endTime":1777287754843,"message":"","name":"C:\\Users\\rrjra\\OneDrive\\Desktop\\Immunicare\\frontend\\src\\__tests__\\transfer-in-notification-e2e.test.jsx","startTime":1777287754472,"status":"passed","summary":""},{"assertionResults":[{"ancestorTitles":["Inventory Management stock-alert bulk actions"],"failureMessages":[],"fullName":"Inventory Management stock-alert bulk actions shows admin-only bulk controls and refreshes statuses after acknowledge-all and resolve-all","location":null,"status":"passed","title":"shows admin-only bulk controls and refreshes statuses after acknowledge-all and resolve-all"},{"ancestorTitles":["Inventory Management stock-alert bulk actions"],"failureMessages":[],"fullName":"Inventory Management stock-alert bulk actions hides bulk controls from non-system-admin users","location":null,"status":"passed","title":"hides bulk controls from non-system-admin users"},{"ancestorTitles":["Inventory Management stock-alert bulk actions"],"failureMessages":[],"fullName":"Inventory Management stock-alert bulk actions shows an error message when a bulk action fails","location":null,"status":"passed","title":"shows an error message when a bulk action fails"},{"ancestorTitles":["Inventory Management stock-alert bulk actions"],"failureMessages":[],"fullName":"Inventory Management stock-alert bulk actions renders the alert workflow for legacy stock-alert aliases mapped to inventory summary","location":null,"status":"passed","title":"renders the alert workflow for legacy stock-alert aliases mapped to inventory summary"}],"endTime":1777287757726,"message":"","name":"C:\\Users\\rrjra\\OneDrive\\Desktop\\Immunicare\\frontend\\src\\__tests__\\inventory-management-stock-alert-bulk-actions.test.jsx","startTime":1777287754864,"status":"passed","summary":""},{"assertionResults":[{"ancestorTitles":["UserManagement tab actions"],"failureMessages":[],"fullName":"UserManagement tab actions blocks empty staff submissions and surfaces inline validation","location":null,"status":"passed","title":"blocks empty staff submissions and surfaces inline validation"},{"ancestorTitles":["UserManagement tab actions"],"failureMessages":[],"fullName":"UserManagement tab actions preserves the edited staff clinic assignment when updating a user","location":null,"status":"passed","title":"preserves the edited staff clinic assignment when updating a user"},{"ancestorTitles":["UserManagement tab actions"],"failureMessages":[],"fullName":"UserManagement tab actions disables self-protection admin actions on the admins tab","location":null,"status":"passed","title":"disables self-protection admin actions on the admins tab"},{"ancestorTitles":["UserManagement tab actions"],"failureMessages":[],"fullName":"UserManagement tab actions shows the Reset Password primary action when opened from the admins tab","location":null,"status":"passed","title":"shows the Reset Password primary action when opened from the admins tab"},{"ancestorTitles":["UserManagement tab actions"],"failureMessages":[],"fullName":"UserManagement tab actions blocks empty guardian submissions and surfaces inline validation","location":null,"status":"passed","title":"blocks empty guardian submissions and surfaces inline validation"},{"ancestorTitles":["UserManagement tab actions"],"failureMessages":[],"fullName":"UserManagement tab actions blocks invalid admin account submissions before the create action runs","location":null,"status":"passed","title":"blocks invalid admin account submissions before the create action runs"}],"endTime":1777287760346,"message":"","name":"C:\\Users\\rrjra\\OneDrive\\Desktop\\Immunicare\\frontend\\src\\__tests__\\user-management-actions.test.jsx","startTime":1777287757759,"status":"passed","summary":""},{"assertionResults":[{"ancestorTitles":["UserManagement guardian password reset modal"],"failureMessages":[],"fullName":"UserManagement guardian password reset modal submits the guardian reset form when the Reset Password button is clicked","location":null,"status":"passed","title":"submits the guardian reset form when the Reset Password button is clicked"},{"ancestorTitles":["UserManagement guardian password reset modal"],"failureMessages":[],"fullName":"UserManagement guardian password reset modal shows an inline validation error when the new password does not meet policy requirements","location":null,"status":"passed","title":"shows an inline validation error when the new password does not meet policy requirements"},{"ancestorTitles":["UserManagement guardian password reset modal"],"failureMessages":[],"fullName":"UserManagement guardian password reset modal keeps the Reset Password action visible in the system users tab","location":null,"status":"passed","title":"keeps the Reset Password action visible in the system users tab"}],"endTime":1777287762420,"message":"","name":"C:\\Users\\rrjra\\OneDrive\\Desktop\\Immunicare\\frontend\\src\\__tests__\\user-management-password-reset.test.jsx","startTime":1777287760375,"status":"passed","summary":""},{"assertionResults":[{"ancestorTitles":["Admin notifications center"],"failureMessages":[],"fullName":"Admin notifications center renders operational sections and required grouping headers","location":null,"status":"passed","title":"renders operational sections and required grouping headers"},{"ancestorTitles":["Admin notifications center"],"failureMessages":[],"fullName":"Admin notifications center shows compact unread and critical summary cards only","location":null,"status":"passed","title":"shows compact unread and critical summary cards only"},{"ancestorTitles":["Admin notifications center"],"failureMessages":[],"fullName":"Admin notifications center applies category and status filters to feed items","location":null,"status":"passed","title":"applies category and status filters to feed items"},{"ancestorTitles":["Admin notifications center"],"failureMessages":[],"fullName":"Admin notifications center marks one notification as read and updates unread summary","location":null,"status":"passed","title":"marks one notification as read and updates unread summary"},{"ancestorTitles":["Admin notifications center"],"failureMessages":[],"fullName":"Admin notifications center marks all notifications as read via header action","location":null,"status":"passed","title":"marks all notifications as read via header action"},{"ancestorTitles":["Admin notifications center"],"failureMessages":[],"fullName":"Admin notifications center normalizes nested API response payloads through adapter fallback","location":null,"status":"passed","title":"normalizes nested API response payloads through adapter fallback"}],"endTime":1777287764465,"message":"","name":"C:\\Users\\rrjra\\OneDrive\\Desktop\\Immunicare\\frontend\\src\\__tests__\\admin-notifications-center.test.jsx","startTime":1777287762443,"status":"passed","summary":""},{"assertionResults":[{"ancestorTitles":["InjectVaccineModal infant dropdown labels"],"failureMessages":[],"fullName":"InjectVaccineModal infant dropdown labels formats infant birth dates in the Select Infant dropdown using Manila local time","location":null,"status":"passed","title":"formats infant birth dates in the Select Infant dropdown using Manila local time"}],"endTime":1777287766033,"message":"","name":"C:\\Users\\rrjra\\OneDrive\\Desktop\\Immunicare\\frontend\\src\\__tests__\\inject-vaccine-modal-date-format.test.jsx","startTime":1777287764621,"status":"passed","summary":""},{"assertionResults":[{"ancestorTitles":["InfantManagement pagination"],"failureMessages":[],"fullName":"InfantManagement pagination enables next pagination when backend provides next-page availability","location":null,"status":"passed","title":"enables next pagination when backend provides next-page availability"},{"ancestorTitles":["InfantManagement pagination"],"failureMessages":[],"fullName":"InfantManagement pagination falls back to totalPages when backend pagination flags are missing","location":null,"status":"passed","title":"falls back to totalPages when backend pagination flags are missing"},{"ancestorTitles":["InfantManagement pagination"],"failureMessages":[],"fullName":"InfantManagement pagination keeps the search input mounted during debounced searches after the initial load","location":null,"status":"passed","title":"keeps the search input mounted during debounced searches after the initial load"},{"ancestorTitles":["InfantManagement pagination"],"failureMessages":[],"fullName":"InfantManagement pagination requests DOB ascending ordering after a custom date range is applied","location":null,"status":"passed","title":"requests DOB ascending ordering after a custom date range is applied"}],"endTime":1777287768022,"message":"","name":"C:\\Users\\rrjra\\OneDrive\\Desktop\\Immunicare\\frontend\\src\\__tests__\\infant-management-pagination-flags.test.jsx","startTime":1777287766051,"status":"passed","summary":""},{"assertionResults":[{"ancestorTitles":["App shell"],"failureMessages":[],"fullName":"App shell renders the public guardian introduction on the root route","location":null,"status":"passed","title":"renders the public guardian introduction on the root route"}],"endTime":1777287769911,"message":"","name":"C:\\Users\\rrjra\\OneDrive\\Desktop\\Immunicare\\frontend\\src\\App.test.js","startTime":1777287768053,"status":"passed","summary":""},{"assertionResults":[{"ancestorTitles":["admin appointments calendar scroll layout"],"failureMessages":[],"fullName":"admin appointments calendar scroll layout admin layout constrains routed content so nested pages can own scrolling","location":null,"status":"passed","title":"admin layout constrains routed content so nested pages can own scrolling"},{"ancestorTitles":["admin appointments calendar scroll layout"],"failureMessages":[],"fullName":"admin appointments calendar scroll layout calendar view uses an internal scroll region instead of locking the full page height","location":null,"status":"passed","title":"calendar view uses an internal scroll region instead of locking the full page height"},{"ancestorTitles":["admin appointments calendar scroll layout"],"failureMessages":[],"fullName":"admin appointments calendar scroll layout calendar view reuses the appointments endpoint with month date filters","location":null,"status":"passed","title":"calendar view reuses the appointments endpoint with month date filters"}],"endTime":1777287771537,"message":"","name":"C:\\Users\\rrjra\\OneDrive\\Desktop\\Immunicare\\frontend\\src\\__tests__\\appointments-calendar-scroll-layout.test.jsx","startTime":1777287769954,"status":"passed","summary":""},{"assertionResults":[{"ancestorTitles":["Inventory Management sticky layout"],"failureMessages":[],"fullName":"Inventory Management sticky layout keeps the inventory shell sticky and the stock movement rows inside their own scroll region","location":null,"status":"passed","title":"keeps the inventory shell sticky and the stock movement rows inside their own scroll region"},{"ancestorTitles":["Inventory Management sticky layout"],"failureMessages":[],"fullName":"Inventory Management sticky layout keeps the inventory summary shell fixed while summary content scrolls in place","location":null,"status":"passed","title":"keeps the inventory summary shell fixed while summary content scrolls in place"},{"ancestorTitles":["Inventory Management sticky layout"],"failureMessages":[],"fullName":"Inventory Management sticky layout paginates stock movement history in infant-management sized batches","location":null,"status":"passed","title":"paginates stock movement history in infant-management sized batches"},{"ancestorTitles":["Inventory Management sticky layout"],"failureMessages":[],"fullName":"Inventory Management sticky layout uses inventory sheet waste totals in the summary tab instead of unrelated movement-summary aggregates","location":null,"status":"passed","title":"uses inventory sheet waste totals in the summary tab instead of unrelated movement-summary aggregates"},{"ancestorTitles":["Inventory Management sticky layout"],"failureMessages":[],"fullName":"Inventory Management sticky layout paginates persisted stock alerts inside the inventory summary workflow card","location":null,"status":"passed","title":"paginates persisted stock alerts inside the inventory summary workflow card"}],"endTime":1777287772959,"message":"","name":"C:\\Users\\rrjra\\OneDrive\\Desktop\\Immunicare\\frontend\\src\\__tests__\\inventory-management-sticky-layout.test.jsx","startTime":1777287771562,"status":"passed","summary":""},{"assertionResults":[{"ancestorTitles":["Announcements page filters"],"failureMessages":[],"fullName":"Announcements page filters applies and clears posted date, target audience, status, and priority filters","location":null,"status":"passed","title":"applies and clears posted date, target audience, status, and priority filters"},{"ancestorTitles":["Announcements page filters"],"failureMessages":[],"fullName":"Announcements page filters shows a validation error when posted-to is earlier than posted-from","location":null,"status":"passed","title":"shows a validation error when posted-to is earlier than posted-from"}],"endTime":1777287774341,"message":"","name":"C:\\Users\\rrjra\\OneDrive\\Desktop\\Immunicare\\frontend\\src\\__tests__\\announcements-page-filters.test.jsx","startTime":1777287772989,"status":"passed","summary":""},{"assertionResults":[{"ancestorTitles":["Guardian current button flows"],"failureMessages":[],"fullName":"Guardian current button flows dashboard quick action routes transfer registrations through the current child module","location":null,"status":"passed","title":"dashboard quick action routes transfer registrations through the current child module"},{"ancestorTitles":["Guardian current button flows"],"failureMessages":[],"fullName":"Guardian current button flows dashboard overdue booking CTA routes directly to the guardian booking page","location":null,"status":"passed","title":"dashboard overdue booking CTA routes directly to the guardian booking page"},{"ancestorTitles":["Guardian current button flows"],"failureMessages":[],"fullName":"Guardian current button flows dashboard desktop header buttons still route to notifications and profile","location":null,"status":"passed","title":"dashboard desktop header buttons still route to notifications and profile"},{"ancestorTitles":["Guardian current button flows"],"failureMessages":[],"fullName":"Guardian current button flows sidebar expands vaccinations and routes to the current immunization chart page","location":null,"status":"passed","title":"sidebar expands vaccinations and routes to the current immunization chart page"},{"ancestorTitles":["Guardian current button flows"],"failureMessages":[],"fullName":"Guardian current button flows sidebar logout confirmation still completes the current guardian sign-out flow","location":null,"status":"passed","title":"sidebar logout confirmation still completes the current guardian sign-out flow"}],"endTime":1777287775733,"message":"","name":"C:\\Users\\rrjra\\OneDrive\\Desktop\\Immunicare\\frontend\\src\\__tests__\\guardian-comprehensive-button-test.jsx","startTime":1777287774359,"status":"passed","summary":""},{"assertionResults":[{"ancestorTitles":["Reports page backend contract alignment"],"failureMessages":[],"fullName":"Reports page backend contract alignment format dropdown keeps the supported PDF format and generation payload stays canonical","location":null,"status":"passed","title":"format dropdown keeps the supported PDF format and generation payload stays canonical"},{"ancestorTitles":["Reports page backend contract alignment"],"failureMessages":[],"fullName":"Reports page backend contract alignment displays backend empty-dataset error message from response payload","location":null,"status":"passed","title":"displays backend empty-dataset error message from response payload"},{"ancestorTitles":["Reports page backend contract alignment"],"failureMessages":[],"fullName":"Reports page backend contract alignment downloads using customRequest and Content-Disposition filename","location":null,"status":"passed","title":"downloads using customRequest and Content-Disposition filename"},{"ancestorTitles":["Reports page backend contract alignment"],"failureMessages":[],"fullName":"Reports page backend contract alignment dashboard overview surfaces no-show, expired-lot, and transfer-turnaround metrics","location":null,"status":"passed","title":"dashboard overview surfaces no-show, expired-lot, and transfer-turnaround metrics"},{"ancestorTitles":["Reports page backend contract alignment"],"failureMessages":[],"fullName":"Reports page backend contract alignment summary refreshes when an infant sync event arrives","location":null,"status":"passed","title":"summary refreshes when an infant sync event arrives"}],"endTime":1777287776632,"message":"","name":"C:\\Users\\rrjra\\OneDrive\\Desktop\\Immunicare\\frontend\\src\\__tests__\\reports-page-contract.test.jsx","startTime":1777287775761,"status":"passed","summary":""},{"assertionResults":[{"ancestorTitles":["InjectVaccineModal FEFO and brand empty states"],"failureMessages":[],"fullName":"InjectVaccineModal FEFO and brand empty states uses available inventory lots and auto-selects a matched FEFO batch","location":null,"status":"passed","title":"uses available inventory lots and auto-selects a matched FEFO batch"},{"ancestorTitles":["InjectVaccineModal FEFO and brand empty states"],"failureMessages":[],"fullName":"InjectVaccineModal FEFO and brand empty states shows one FEFO empty-state helper and keeps brand selection non-blocking when no brands are configured","location":null,"status":"passed","title":"shows one FEFO empty-state helper and keeps brand selection non-blocking when no brands are configured"}],"endTime":1777287777942,"message":"","name":"C:\\Users\\rrjra\\OneDrive\\Desktop\\Immunicare\\frontend\\src\\__tests__\\inject-vaccine-modal-batch-empty-state.test.jsx","startTime":1777287776658,"status":"passed","summary":""},{"assertionResults":[{"ancestorTitles":["DashboardOverview"],"failureMessages":[],"fullName":"DashboardOverview renders the admin monitoring overview with current actions","location":null,"status":"passed","title":"renders the admin monitoring overview with current actions"}],"endTime":1777287778921,"message":"","name":"C:\\Users\\rrjra\\OneDrive\\Desktop\\Immunicare\\frontend\\src\\components\\Dashboard.test.js","startTime":1777287777957,"status":"passed","summary":""},{"assertionResults":[{"ancestorTitles":["Infant management system scope loading"],"failureMessages":[],"fullName":"Infant management system scope loading requests full system infant scope for admin listings","location":null,"status":"passed","title":"requests full system infant scope for admin listings"},{"ancestorTitles":["Infant management system scope loading"],"failureMessages":[],"fullName":"Infant management system scope loading opens the transfer-in cases view from the header button without leaving the infant workflow","location":null,"status":"passed","title":"opens the transfer-in cases view from the header button without leaving the infant workflow"}],"endTime":1777287779995,"message":"","name":"C:\\Users\\rrjra\\OneDrive\\Desktop\\Immunicare\\frontend\\src\\__tests__\\infant-management-system-scope.test.jsx","startTime":1777287778942,"status":"passed","summary":""},{"assertionResults":[{"ancestorTitles":["Phase 2 transfer intake helpers"],"failureMessages":[],"fullName":"Phase 2 transfer intake helpers rejects incomplete transfer history entries before submission","location":null,"status":"passed","title":"rejects incomplete transfer history entries before submission"},{"ancestorTitles":["Phase 2 transfer intake helpers"],"failureMessages":[],"fullName":"Phase 2 transfer intake helpers builds structured transfer vaccine payloads with facility fallback","location":null,"status":"passed","title":"builds structured transfer vaccine payloads with facility fallback"},{"ancestorTitles":["Phase 2 transfer workflow UI"],"failureMessages":[],"fullName":"Phase 2 transfer workflow UI guardian registration modal exposes structured prior-dose fields","location":null,"status":"passed","title":"guardian registration modal exposes structured prior-dose fields"},{"ancestorTitles":["Phase 2 transfer workflow UI"],"failureMessages":[],"fullName":"Phase 2 transfer workflow UI transfer vaccination history modal now submits a transfer case instead of direct import","location":null,"status":"passed","title":"transfer vaccination history modal now submits a transfer case instead of direct import"}],"endTime":1777287781147,"message":"","name":"C:\\Users\\rrjra\\OneDrive\\Desktop\\Immunicare\\frontend\\src\\__tests__\\phase2-transfer-intake.test.jsx","startTime":1777287780038,"status":"passed","summary":""},{"assertionResults":[{"ancestorTitles":["Auth + role routing regression"],"failureMessages":[],"fullName":"Auth + role routing regression guardian login accepts username and routes only to guardian dashboard","location":null,"status":"passed","title":"guardian login accepts username and routes only to guardian dashboard"},{"ancestorTitles":["Auth + role routing regression"],"failureMessages":[],"fullName":"Auth + role routing regression admin login routes only to admin dashboard","location":null,"status":"passed","title":"admin login routes only to admin dashboard"},{"ancestorTitles":["Auth + role routing regression"],"failureMessages":[],"fullName":"Auth + role routing regression guardian cannot access admin protected route","location":null,"status":"passed","title":"guardian cannot access admin protected route"},{"ancestorTitles":["Auth + role routing regression"],"failureMessages":[],"fullName":"Auth + role routing regression admin cannot access guardian protected route","location":null,"status":"passed","title":"admin cannot access guardian protected route"},{"ancestorTitles":["Auth + role routing regression"],"failureMessages":[],"fullName":"Auth + role routing regression role normalization and routes stay canonical","location":null,"status":"passed","title":"role normalization and routes stay canonical"},{"ancestorTitles":["Auth + role routing regression"],"failureMessages":[],"fullName":"Auth + role routing regression reload fallbacks keep admin and guardian login routes separate","location":null,"status":"passed","title":"reload fallbacks keep admin and guardian login routes separate"}],"endTime":1777287782062,"message":"","name":"C:\\Users\\rrjra\\OneDrive\\Desktop\\Immunicare\\frontend\\src\\__tests__\\auth-role-routing-regression.test.jsx","startTime":1777287781165,"status":"passed","summary":""},{"assertionResults":[{"ancestorTitles":["ImmunizationChart visual controls"],"failureMessages":[],"fullName":"ImmunizationChart visual controls keeps Word export accessible while removing the visible label and chart date-range text","location":null,"status":"passed","title":"keeps Word export accessible while removing the visible label and chart date-range text"}],"endTime":1777287783245,"message":"","name":"C:\\Users\\rrjra\\OneDrive\\Desktop\\Immunicare\\frontend\\src\\__tests__\\immunization-chart-visual-controls.test.jsx","startTime":1777287782087,"status":"passed","summary":""},{"assertionResults":[{"ancestorTitles":["Phase 10 health information role split"],"failureMessages":[],"fullName":"Phase 10 health information role split guardian mode loads own children and shows caregiver guidance","location":null,"status":"passed","title":"guardian mode loads own children and shows caregiver guidance"},{"ancestorTitles":["Phase 10 health information role split"],"failureMessages":[],"fullName":"Phase 10 health information role split admin mode loads all child records and shows operational guidance","location":null,"status":"passed","title":"admin mode loads all child records and shows operational guidance"}],"endTime":1777287784276,"message":"","name":"C:\\Users\\rrjra\\OneDrive\\Desktop\\Immunicare\\frontend\\src\\__tests__\\phase10-health-information-role-split.test.jsx","startTime":1777287783266,"status":"passed","summary":""},{"assertionResults":[{"ancestorTitles":["AddInfantModal guardian lookup"],"failureMessages":[],"fullName":"AddInfantModal guardian lookup does not preload the full guardian directory on open","location":null,"status":"passed","title":"does not preload the full guardian directory on open"},{"ancestorTitles":["AddInfantModal guardian lookup"],"failureMessages":[],"fullName":"AddInfantModal guardian lookup searches guardians remotely after debounce","location":null,"status":"passed","title":"searches guardians remotely after debounce"},{"ancestorTitles":["AddInfantModal guardian lookup"],"failureMessages":[],"fullName":"AddInfantModal guardian lookup keeps the current guardian selectable while editing","location":null,"status":"passed","title":"keeps the current guardian selectable while editing"}],"endTime":1777287785285,"message":"","name":"C:\\Users\\rrjra\\OneDrive\\Desktop\\Immunicare\\frontend\\src\\__tests__\\add-infant-modal-guardian-lookup.test.jsx","startTime":1777287784298,"status":"passed","summary":""},{"assertionResults":[{"ancestorTitles":["Guardian Dashboard - Quick Action Buttons","Book Appointment Button"],"failureMessages":[],"fullName":"Guardian Dashboard - Quick Action Buttons Book Appointment Button Book Appointment button exists","location":null,"status":"passed","title":"Book Appointment button exists"},{"ancestorTitles":["Guardian Dashboard - Quick Action Buttons","Book Appointment Button"],"failureMessages":[],"fullName":"Guardian Dashboard - Quick Action Buttons Book Appointment Button Book Appointment button is clickable","location":null,"status":"passed","title":"Book Appointment button is clickable"},{"ancestorTitles":["Guardian Dashboard - Quick Action Buttons","Book Appointment Button"],"failureMessages":[],"fullName":"Guardian Dashboard - Quick Action Buttons Book Appointment Button Book Appointment navigates to booking page","location":null,"status":"passed","title":"Book Appointment navigates to booking page"},{"ancestorTitles":["Guardian Dashboard - Quick Action Buttons","Book Appointment Button"],"failureMessages":[],"fullName":"Guardian Dashboard - Quick Action Buttons Book Appointment Button Book Appointment button is disabled when no children","location":null,"status":"passed","title":"Book Appointment button is disabled when no children"},{"ancestorTitles":["Guardian Dashboard - Quick Action Buttons","View Records Button"],"failureMessages":[],"fullName":"Guardian Dashboard - Quick Action Buttons View Records Button View Records button exists","location":null,"status":"passed","title":"View Records button exists"},{"ancestorTitles":["Guardian Dashboard - Quick Action Buttons","View Records Button"],"failureMessages":[],"fullName":"Guardian Dashboard - Quick Action Buttons View Records Button View Records button is accessible","location":null,"status":"passed","title":"View Records button is accessible"},{"ancestorTitles":["Guardian Dashboard - Quick Action Buttons","View Records Button"],"failureMessages":[],"fullName":"Guardian Dashboard - Quick Action Buttons View Records Button View Records navigates to vaccination records","location":null,"status":"passed","title":"View Records navigates to vaccination records"},{"ancestorTitles":["Guardian Dashboard - Quick Action Buttons","Health Charts Button"],"failureMessages":[],"fullName":"Guardian Dashboard - Quick Action Buttons Health Charts Button Health Charts button exists","location":null,"status":"passed","title":"Health Charts button exists"},{"ancestorTitles":["Guardian Dashboard - Quick Action Buttons","Health Charts Button"],"failureMessages":[],"fullName":"Guardian Dashboard - Quick Action Buttons Health Charts Button Health Charts button navigates to growth charts page","location":null,"status":"passed","title":"Health Charts button navigates to growth charts page"},{"ancestorTitles":["Guardian Dashboard - Quick Action Buttons","Downloads Button"],"failureMessages":[],"fullName":"Guardian Dashboard - Quick Action Buttons Downloads Button Downloads button exists","location":null,"status":"passed","title":"Downloads button exists"},{"ancestorTitles":["Guardian Dashboard - Quick Action Buttons","Downloads Button"],"failureMessages":[],"fullName":"Guardian Dashboard - Quick Action Buttons Downloads Button Downloads button is for immunization chart","location":null,"status":"passed","title":"Downloads button is for immunization chart"},{"ancestorTitles":["Guardian Dashboard - Child Card Buttons","Child Records Button"],"failureMessages":[],"fullName":"Guardian Dashboard - Child Card Buttons Child Records Button Records button exists for child","location":null,"status":"passed","title":"Records button exists for child"},{"ancestorTitles":["Guardian Dashboard - Child Card Buttons","Child Records Button"],"failureMessages":[],"fullName":"Guardian Dashboard - Child Card Buttons Child Records Button Records button shows vaccination history","location":null,"status":"passed","title":"Records button shows vaccination history"},{"ancestorTitles":["Guardian Dashboard - Child Card Buttons","Child Records Button"],"failureMessages":[],"fullName":"Guardian Dashboard - Child Card Buttons Child Records Button Records button navigates to specific child records","location":null,"status":"passed","title":"Records button navigates to specific child records"},{"ancestorTitles":["Guardian Dashboard - Child Card Buttons","Child Schedule Button"],"failureMessages":[],"fullName":"Guardian Dashboard - Child Card Buttons Child Schedule Button Schedule button exists for child","location":null,"status":"passed","title":"Schedule button exists for child"},{"ancestorTitles":["Guardian Dashboard - Child Card Buttons","Child Schedule Button"],"failureMessages":[],"fullName":"Guardian Dashboard - Child Card Buttons Child Schedule Button Schedule button books new appointment","location":null,"status":"passed","title":"Schedule button books new appointment"},{"ancestorTitles":["Guardian Dashboard - Child Card Buttons","Child Schedule Button"],"failureMessages":[],"fullName":"Guardian Dashboard - Child Card Buttons Child Schedule Button Schedule button navigates to appointment booking","location":null,"status":"passed","title":"Schedule button navigates to appointment booking"},{"ancestorTitles":["Guardian Dashboard - Child Card Buttons","View All Children Button"],"failureMessages":[],"fullName":"Guardian Dashboard - Child Card Buttons View All Children Button View All button for children list","location":null,"status":"passed","title":"View All button for children list"},{"ancestorTitles":["Guardian Dashboard - Child Card Buttons","View All Children Button"],"failureMessages":[],"fullName":"Guardian Dashboard - Child Card Buttons View All Children Button View All navigates to My Children page","location":null,"status":"passed","title":"View All navigates to My Children page"},{"ancestorTitles":["Guardian Dashboard - Appointment Buttons","Schedule New Appointment"],"failureMessages":[],"fullName":"Guardian Dashboard - Appointment Buttons Schedule New Appointment Schedule New Appointment button exists","location":null,"status":"passed","title":"Schedule New Appointment button exists"},{"ancestorTitles":["Guardian Dashboard - Appointment Buttons","Schedule New Appointment"],"failureMessages":[],"fullName":"Guardian Dashboard - Appointment Buttons Schedule New Appointment Opens appointment booking modal","location":null,"status":"passed","title":"Opens appointment booking modal"},{"ancestorTitles":["Guardian Dashboard - Appointment Buttons","Schedule New Appointment"],"failureMessages":[],"fullName":"Guardian Dashboard - Appointment Buttons Schedule New Appointment Appointment form has select child dropdown","location":null,"status":"passed","title":"Appointment form has select child dropdown"},{"ancestorTitles":["Guardian Dashboard - Appointment Buttons","Schedule New Appointment"],"failureMessages":[],"fullName":"Guardian Dashboard - Appointment Buttons Schedule New Appointment Appointment form has date selection","location":null,"status":"passed","title":"Appointment form has date selection"},{"ancestorTitles":["Guardian Dashboard - Appointment Buttons","Schedule New Appointment"],"failureMessages":[],"fullName":"Guardian Dashboard - Appointment Buttons Schedule New Appointment Appointment form validates required fields","location":null,"status":"passed","title":"Appointment form validates required fields"},{"ancestorTitles":["Guardian Dashboard - Appointment Buttons","Schedule New Appointment"],"failureMessages":[],"fullName":"Guardian Dashboard - Appointment
[...]
sed","title":"should throttle subsequent calls"},{"ancestorTitles":["usePerformance Hooks","useThrottle"],"failureMessages":[],"fullName":"usePerformance Hooks useThrottle should pass arguments to callback","location":null,"status":"passed","title":"should pass arguments to callback"},{"ancestorTitles":["usePerformance Hooks","useIntersectionObserver"],"failureMessages":[],"fullName":"usePerformance Hooks useIntersectionObserver should create observer with ref","location":null,"status":"passed","title":"should create observer with ref"},{"ancestorTitles":["usePerformance Hooks","useIntersectionObserver"],"failureMessages":[],"fullName":"usePerformance Hooks useIntersectionObserver should set isIntersecting to true when element intersects","location":null,"status":"passed","title":"should set isIntersecting to true when element intersects"},{"ancestorTitles":["usePerformance Hooks","useIntersectionObserver"],"failureMessages":[],"fullName":"usePerformance Hooks useIntersectionObserver should disconnect observer after intersection","location":null,"status":"passed","title":"should disconnect observer after intersection"},{"ancestorTitles":["usePerformance Hooks","useIntersectionObserver"],"failureMessages":[],"fullName":"usePerformance Hooks useIntersectionObserver should use custom options","location":null,"status":"passed","title":"should use custom options"}],"endTime":1777287797697,"message":"","name":"C:\\Users\\rrjra\\OneDrive\\Desktop\\Immunicare\\frontend\\src\\hooks\\__tests__\\usePerformance.test.js","startTime":1777287797417,"status":"passed","summary":""},{"assertionResults":[{"ancestorTitles":["usePrintDateRange"],"failureMessages":[],"fullName":"usePrintDateRange requires users to apply a valid draft range before printing","location":null,"status":"passed","title":"requires users to apply a valid draft range before printing"},{"ancestorTitles":["usePrintDateRange"],"failureMessages":[],"fullName":"usePrintDateRange rejects invalid date order","location":null,"status":"passed","title":"rejects invalid date order"},{"ancestorTitles":["usePrintDateRange"],"failureMessages":[],"fullName":"usePrintDateRange can sync an externally controlled applied range","location":null,"status":"passed","title":"can sync an externally controlled applied range"},{"ancestorTitles":["filterItemsByPrintDateRange"],"failureMessages":[],"fullName":"filterItemsByPrintDateRange keeps only records with matching candidate dates inside the applied range","location":null,"status":"passed","title":"keeps only records with matching candidate dates inside the applied range"}],"endTime":1777287797941,"message":"","name":"C:\\Users\\rrjra\\OneDrive\\Desktop\\Immunicare\\frontend\\src\\hooks\\__tests__\\usePrintDateRange.test.js","startTime":1777287797712,"status":"passed","summary":""},{"assertionResults":[{"ancestorTitles":["apiClient request deduplication"],"failureMessages":[],"fullName":"apiClient request deduplication reuses the same in-flight promise for identical GET requests","location":null,"status":"passed","title":"reuses the same in-flight promise for identical GET requests"},{"ancestorTitles":["apiClient request deduplication"],"failureMessages":[],"fullName":"apiClient request deduplication does not deduplicate non-GET mutation requests","location":null,"status":"passed","title":"does not deduplicate non-GET mutation requests"},{"ancestorTitles":["apiClient request deduplication"],"failureMessages":[],"fullName":"apiClient request deduplication allows the same GET request again after the first one settles","location":null,"status":"passed","title":"allows the same GET request again after the first one settles"},{"ancestorTitles":["apiClient request deduplication"],"failureMessages":[],"fullName":"apiClient request deduplication does not deduplicate GET requests that carry their own abort signals","location":null,"status":"passed","title":"does not deduplicate GET requests that carry their own abort signals"}],"endTime":1777287798144,"message":"","name":"C:\\Users\\rrjra\\OneDrive\\Desktop\\Immunicare\\frontend\\src\\__tests__\\api-client-request-deduplication.test.js","startTime":1777287797957,"status":"passed","summary":""},{"assertionResults":[{"ancestorTitles":["notification routing"],"failureMessages":[],"fullName":"notification routing maps admin appointment notifications to the appointments module","location":null,"status":"passed","title":"maps admin appointment notifications to the appointments module"},{"ancestorTitles":["notification routing"],"failureMessages":[],"fullName":"notification routing maps low stock notifications to the inventory module","location":null,"status":"passed","title":"maps low stock notifications to the inventory module"},{"ancestorTitles":["notification routing"],"failureMessages":[],"fullName":"notification routing maps expiry warnings to the inventory module","location":null,"status":"passed","title":"maps expiry warnings to the inventory module"},{"ancestorTitles":["notification routing"],"failureMessages":[],"fullName":"notification routing maps guardian registration notifications to the guardians tab in user management","location":null,"status":"passed","title":"maps guardian registration notifications to the guardians tab in user management"},{"ancestorTitles":["notification routing"],"failureMessages":[],"fullName":"notification routing maps report notifications to the reports module","location":null,"status":"passed","title":"maps report notifications to the reports module"},{"ancestorTitles":["notification routing"],"failureMessages":[],"fullName":"notification routing maps guardian infant registration notifications to the child profile module","location":null,"status":"passed","title":"maps guardian infant registration notifications to the child profile module"},{"ancestorTitles":["notification routing"],"failureMessages":[],"fullName":"notification routing maps guardian vaccination schedule notifications to the immunization chart module","location":null,"status":"passed","title":"maps guardian vaccination schedule notifications to the immunization chart module"},{"ancestorTitles":["notification routing"],"failureMessages":[],"fullName":"notification routing maps guardian appointment suggestions to the appointments module","location":null,"status":"passed","title":"maps guardian appointment suggestions to the appointments module"},{"ancestorTitles":["notification routing"],"failureMessages":[],"fullName":"notification routing maps guardian messages directly to the messages module","location":null,"status":"passed","title":"maps guardian messages directly to the messages module"},{"ancestorTitles":["notification routing"],"failureMessages":[],"fullName":"notification routing hides guardian-inappropriate internal inventory notifications from the guardian view","location":null,"status":"passed","title":"hides guardian-inappropriate internal inventory notifications from the guardian view"},{"ancestorTitles":["notification routing"],"failureMessages":[],"fullName":"notification routing keeps guardian-targeted announcements visible to guardians","location":null,"status":"passed","title":"keeps guardian-targeted announcements visible to guardians"},{"ancestorTitles":["notification routing"],"failureMessages":[],"fullName":"notification routing maps failed outbound notifications to the failed delivery filter","location":null,"status":"passed","title":"maps failed outbound notifications to the failed delivery filter"}],"endTime":1777287798360,"message":"","name":"C:\\Users\\rrjra\\OneDrive\\Desktop\\Immunicare\\frontend\\src\\__tests__\\notification-routing.test.js","startTime":1777287798161,"status":"passed","summary":""},{"assertionResults":[{"ancestorTitles":["apiClient auth refresh behavior"],"failureMessages":[],"fullName":"apiClient auth refresh behavior verifySession opts out of automatic auth refresh","location":null,"status":"passed","title":"verifySession opts out of automatic auth refresh"},{"ancestorTitles":["apiClient auth refresh behavior"],"failureMessages":[],"fullName":"apiClient auth refresh behavior does not trigger refresh when a request explicitly skips auth refresh","location":null,"status":"passed","title":"does not trigger refresh when a request explicitly skips auth refresh"},{"ancestorTitles":["apiClient auth refresh behavior"],"failureMessages":[],"fullName":"apiClient auth refresh behavior still attempts refresh for regular protected requests","location":null,"status":"passed","title":"still attempts refresh for regular protected requests"},{"ancestorTitles":["apiClient auth refresh behavior"],"failureMessages":[],"fullName":"apiClient auth refresh behavior backs off proactive refresh attempts after a refresh 429","location":null,"status":"passed","title":"backs off proactive refresh attempts after a refresh 429"},{"ancestorTitles":["apiClient auth refresh behavior"],"failureMessages":[],"fullName":"apiClient auth refresh behavior stops repeating proactive refresh after a terminal 401 refresh failure","location":null,"status":"passed","title":"stops repeating proactive refresh after a terminal 401 refresh failure"}],"endTime":1777287798584,"message":"","name":"C:\\Users\\rrjra\\OneDrive\\Desktop\\Immunicare\\frontend\\src\\__tests__\\api-client-auth-refresh.test.js","startTime":1777287798378,"status":"passed","summary":""},{"assertionResults":[{"ancestorTitles":["phase 12 permission helpers"],"failureMessages":[],"fullName":"phase 12 permission helpers normalizes permissions and exposes workflow capabilities","location":null,"status":"passed","title":"normalizes permissions and exposes workflow capabilities"},{"ancestorTitles":["phase 12 audit log adapters"],"failureMessages":[],"fullName":"phase 12 audit log adapters extracts audit log collections from wrapped API payloads","location":null,"status":"passed","title":"extracts audit log collections from wrapped API payloads"},{"ancestorTitles":["phase 12 audit log adapters"],"failureMessages":[],"fullName":"phase 12 audit log adapters formats audit log rows for UI tables","location":null,"status":"passed","title":"formats audit log rows for UI tables"}],"endTime":1777287798794,"message":"","name":"C:\\Users\\rrjra\\OneDrive\\Desktop\\Immunicare\\frontend\\src\\__tests__\\phase12-permissions-and-audit-adapters.test.js","startTime":1777287798600,"status":"passed","summary":""},{"assertionResults":[{"ancestorTitles":["Phase 3 admin infant normalization"],"failureMessages":[],"fullName":"Phase 3 admin infant normalization normalizes transfer workflow and imported-history summary fields","location":null,"status":"passed","title":"normalizes transfer workflow and imported-history summary fields"},{"ancestorTitles":["Phase 4 next-dose selection helpers"],"failureMessages":[],"fullName":"Phase 4 next-dose selection helpers returns only the next pending dose per vaccine after completed doses","location":null,"status":"passed","title":"returns only the next pending dose per vaccine after completed doses"},{"ancestorTitles":["Phase 6 FEFO batch helpers"],"failureMessages":[],"fullName":"Phase 6 FEFO batch helpers returns FEFO-sorted selectable batches with matched inventory sheet links","location":null,"status":"passed","title":"returns FEFO-sorted selectable batches with matched inventory sheet links"},{"ancestorTitles":["Phase 6 FEFO batch helpers"],"failureMessages":[],"fullName":"Phase 6 FEFO batch helpers keeps available-lots responses selectable when the backend omits vaccine_id","location":null,"status":"passed","title":"keeps available-lots responses selectable when the backend omits vaccine_id"}],"endTime":1777287798990,"message":"","name":"C:\\Users\\rrjra\\OneDrive\\Desktop\\Immunicare\\frontend\\src\\__tests__\\phase3-phase4-admin-adapters.test.jsx","startTime":1777287798809,"status":"passed","summary":""},{"assertionResults":[{"ancestorTitles":["Admin Data Adapters","normalizeInfant"],"failureMessages":[],"fullName":"Admin Data Adapters normalizeInfant should include allergy_information field","location":null,"status":"passed","title":"should include allergy_information field"},{"ancestorTitles":["Admin Data Adapters","normalizeInfant"],"failureMessages":[],"fullName":"Admin Data Adapters normalizeInfant should include health_care_provider field","location":null,"status":"passed","title":"should include health_care_provider field"},{"ancestorTitles":["Admin Data Adapters","normalizeInfant"],"failureMessages":[],"fullName":"Admin Data Adapters normalizeInfant should handle missing fields gracefully","location":null,"status":"passed","title":"should handle missing fields gracefully"},{"ancestorTitles":["Admin Data Adapters","normalizeVaccinationRecord"],"failureMessages":[],"fullName":"Admin Data Adapters normalizeVaccinationRecord should include health_care_provider field","location":null,"status":"passed","title":"should include health_care_provider field"},{"ancestorTitles":["Admin Data Adapters","normalizeVaccinationRecord"],"failureMessages":[],"fullName":"Admin Data Adapters normalizeVaccinationRecord should include administered_by_name field","location":null,"status":"passed","title":"should include administered_by_name field"},{"ancestorTitles":["SMS Service - Schedule Date Changed Notification","createScheduleDateChangedMessage"],"failureMessages":[],"fullName":"SMS Service - Schedule Date Changed Notification createScheduleDateChangedMessage should create message with baby name","location":null,"status":"passed","title":"should create message with baby name"},{"ancestorTitles":["SMS Service - Schedule Date Changed Notification","createScheduleDateChangedMessage"],"failureMessages":[],"fullName":"SMS Service - Schedule Date Changed Notification createScheduleDateChangedMessage should include new date in message","location":null,"status":"passed","title":"should include new date in message"},{"ancestorTitles":["SMS Service - Schedule Date Changed Notification","createScheduleDateChangedMessage"],"failureMessages":[],"fullName":"SMS Service - Schedule Date Changed Notification createScheduleDateChangedMessage should include location in message","location":null,"status":"passed","title":"should include location in message"},{"ancestorTitles":["SMS Service - Schedule Date Changed Notification","dedupe function"],"failureMessages":[],"fullName":"SMS Service - Schedule Date Changed Notification dedupe function should check appointment_id and date combination","location":null,"status":"passed","title":"should check appointment_id and date combination"},{"ancestorTitles":["SMS Service - Schedule Date Changed Notification","dedupe function"],"failureMessages":[],"fullName":"SMS Service - Schedule Date Changed Notification dedupe function should differentiate between same appointment different dates","location":null,"status":"passed","title":"should differentiate between same appointment different dates"},{"ancestorTitles":["SMS Service - Schedule Date Changed Notification","dedupe function"],"failureMessages":[],"fullName":"SMS Service - Schedule Date Changed Notification dedupe function should differentiate between different appointments same date","location":null,"status":"passed","title":"should differentiate between different appointments same date"},{"ancestorTitles":["Appointments Route - Notification Triggers","Schedule Date Change Detection"],"failureMessages":[],"fullName":"Appointments Route - Notification Triggers Schedule Date Change Detection should detect scheduled_date change","location":null,"status":"passed","title":"should detect scheduled_date change"},{"ancestorTitles":["Appointments Route - Notification Triggers","Schedule Date Change Detection"],"failureMessages":[],"fullName":"Appointments Route - Notification Triggers Schedule Date Change Detection should not trigger notification when date unchanged","location":null,"status":"passed","title":"should not trigger notification when date unchanged"},{"ancestorTitles":["Appointments Route - Notification Triggers","Schedule Date Change Detection"],"failureMessages":[],"fullName":"Appointments Route - Notification Triggers Schedule Date Change Detection should pass correct data to notification function","location":null,"status":"passed","title":"should pass correct data to notification function"},{"ancestorTitles":["Immunization Chart Display"],"failureMessages":[],"fullName":"Immunization Chart Display should display allergy information when present","location":null,"status":"passed","title":"should display allergy information when present"},{"ancestorTitles":["Immunization Chart Display"],"failureMessages":[],"fullName":"Immunization Chart Display should display health care provider when present","location":null,"status":"passed","title":"should display health care provider when present"},{"ancestorTitles":["Immunization Chart Display"],"failureMessages":[],"fullName":"Immunization Chart Display should not display fields when missing","location":null,"status":"passed","title":"should not display fields when missing"}],"endTime":1777287799196,"message":"","name":"C:\\Users\\rrjra\\OneDrive\\Desktop\\Immunicare\\frontend\\src\\__tests__\\provider-persistence-notifications.test.js","startTime":1777287799009,"status":"passed","summary":""},{"assertionResults":[{"ancestorTitles":["authRedirect utilities"],"failureMessages":[],"fullName":"authRedirect utilities resolveRoleType maps canonical admin and healthcare roles","location":null,"status":"passed","title":"resolveRoleType maps canonical admin and healthcare roles"},{"ancestorTitles":["authRedirect utilities"],"failureMessages":[],"fullName":"authRedirect utilities normalizeAuthUser backfills role_type from role","location":null,"status":"passed","title":"normalizeAuthUser backfills role_type from role"},{"ancestorTitles":["authRedirect utilities"],"failureMessages":[],"fullName":"authRedirect utilities getDefaultAuthenticatedRouteFromRoleType routes correctly","location":null,"status":"passed","title":"getDefaultAuthenticatedRouteFromRoleType routes correctly"},{"ancestorTitles":["authRedirect utilities"],"failureMessages":[],"fullName":"authRedirect utilities getDefaultAuthenticatedRouteFromUser supports missing role_type payloads","location":null,"status":"passed","title":"getDefaultAuthenticatedRouteFromUser supports missing role_type payloads"},{"ancestorTitles":["authRedirect utilities"],"failureMessages":[],"fullName":"authRedirect utilities getDefaultAuthenticatedRouteFromFlags routes by auth flags","location":null,"status":"passed","title":"getDefaultAuthenticatedRouteFromFlags routes by auth flags"}],"endTime":1777287799383,"message":"","name":"C:\\Users\\rrjra\\OneDrive\\Desktop\\Immunicare\\frontend\\src\\utils\\authRedirect.test.js","startTime":1777287799213,"status":"passed","summary":""},{"assertionResults":[{"ancestorTitles":["vaccination period helpers"],"failureMessages":[],"fullName":"vaccination period helpers normalizes unknown values to month","location":null,"status":"passed","title":"normalizes unknown values to month"},{"ancestorTitles":["vaccination period helpers"],"failureMessages":[],"fullName":"vaccination period helpers builds full calendar month ranges","location":null,"status":"passed","title":"builds full calendar month ranges"},{"ancestorTitles":["vaccination period helpers"],"failureMessages":[],"fullName":"vaccination period helpers builds calendar week ranges anchored to Monday-Sunday","location":null,"status":"passed","title":"builds calendar week ranges anchored to Monday-Sunday"},{"ancestorTitles":["vaccination period helpers"],"failureMessages":[],"fullName":"vaccination period helpers builds records params from canonical period keys","location":null,"status":"passed","title":"builds records params from canonical period keys"}],"endTime":1777287799569,"message":"","name":"C:\\Users\\rrjra\\OneDrive\\Desktop\\Immunicare\\frontend\\src\\__tests__\\vaccinationPeriods.test.js","startTime":1777287799399,"status":"passed","summary":""}],"wasInterrupted":false}